c:\users\what\desktop\woodmatch\woodmatch\mp\src\game\server\debug_mod_sdk2013ce\ai_basenpc_flyer.obj
c:\users\what\desktop\woodmatch\woodmatch\mp\src\game\server\debug_mod_sdk2013ce\ai_behavior_lead.obj
c:\users\what\desktop\woodmatch\woodmatch\mp\src\game\server\debug_mod_sdk2013ce\ai_networkmanager.obj
c:\users\what\desktop\woodmatch\woodmatch\mp\src\game\server\debug_mod_sdk2013ce\ai_trackpather.obj
c:\users\what\desktop\woodmatch\woodmatch\mp\src\game\server\debug_mod_sdk2013ce\basecombatweapon_shared.obj
c:\users\what\desktop\woodmatch\woodmatch\mp\src\game\server\debug_mod_sdk2013ce\beam_shared.obj
c:\users\what\desktop\woodmatch\woodmatch\mp\src\game\server\debug_mod_sdk2013ce\colorcorrectionvolume.obj
c:\users\what\desktop\woodmatch\woodmatch\mp\src\game\server\debug_mod_sdk2013ce\doors.obj
c:\users\what\desktop\woodmatch\woodmatch\mp\src\game\server\debug_mod_sdk2013ce\entitylist_base.obj
c:\users\what\desktop\woodmatch\woodmatch\mp\src\game\server\debug_mod_sdk2013ce\env_particlescript.obj
c:\users\what\desktop\woodmatch\woodmatch\mp\src\game\server\debug_mod_sdk2013ce\env_zoom.obj
c:\users\what\desktop\woodmatch\woodmatch\mp\src\game\server\debug_mod_sdk2013ce\fire_smoke.obj
c:\users\what\desktop\woodmatch\woodmatch\mp\src\game\server\debug_mod_sdk2013ce\func_break.obj
c:\users\what\desktop\woodmatch\woodmatch\mp\src\game\server\debug_mod_sdk2013ce\func_reflective_glass.obj
c:\users\what\desktop\woodmatch\woodmatch\mp\src\game\server\debug_mod_sdk2013ce\gametrace_dll.obj
c:\users\what\desktop\woodmatch\woodmatch\mp\src\game\server\debug_mod_sdk2013ce\globals.obj
c:\users\what\desktop\woodmatch\woodmatch\mp\src\game\server\debug_mod_sdk2013ce\hierarchy.obj
c:\users\what\desktop\woodmatch\woodmatch\mp\src\game\server\debug_mod_sdk2013ce\item_world.obj
c:\users\what\desktop\woodmatch\woodmatch\mp\src\game\server\debug_mod_sdk2013ce\ndebugoverlay.obj
c:\users\what\desktop\woodmatch\woodmatch\mp\src\game\server\debug_mod_sdk2013ce\pathtrack.obj
c:\users\what\desktop\woodmatch\woodmatch\mp\src\game\server\debug_mod_sdk2013ce\physics_bone_follower.obj
c:\users\what\desktop\woodmatch\woodmatch\mp\src\game\server\debug_mod_sdk2013ce\physics_main_shared.obj
c:\users\what\desktop\woodmatch\woodmatch\mp\src\game\server\debug_mod_sdk2013ce\pointanglesensor.obj
c:\users\what\desktop\woodmatch\woodmatch\mp\src\game\server\debug_mod_sdk2013ce\saverestore.obj
c:\users\what\desktop\woodmatch\woodmatch\mp\src\game\server\debug_mod_sdk2013ce\shadowcontrol.obj
c:\users\what\desktop\woodmatch\woodmatch\mp\src\game\server\debug_mod_sdk2013ce\soundenvelope.obj
c:\users\what\desktop\woodmatch\woodmatch\mp\src\game\server\debug_mod_sdk2013ce\takedamageinfo.obj
c:\users\what\desktop\woodmatch\woodmatch\mp\src\game\server\debug_mod_sdk2013ce\teamplay_round_timer.obj
c:\users\what\desktop\woodmatch\woodmatch\mp\src\game\server\debug_mod_sdk2013ce\vehicle_base.obj
c:\users\what\desktop\woodmatch\woodmatch\mp\src\game\server\debug_mod_sdk2013ce\antlion_maker.obj
c:\users\what\desktop\woodmatch\woodmatch\mp\src\game\server\debug_mod_sdk2013ce\hl2_gamerules.obj
c:\users\what\desktop\woodmatch\woodmatch\mp\src\game\server\debug_mod_sdk2013ce\npc_basezombie.obj
c:\users\what\desktop\woodmatch\woodmatch\mp\src\game\server\debug_mod_sdk2013ce\npc_crow.obj
c:\users\what\desktop\woodmatch\woodmatch\mp\src\game\server\debug_mod_sdk2013ce\npc_kleiner.obj
c:\users\what\desktop\woodmatch\woodmatch\mp\src\game\server\debug_mod_sdk2013ce\npc_strider.obj
c:\users\what\desktop\woodmatch\woodmatch\mp\src\game\server\debug_mod_sdk2013ce\vehicle_airboat.obj
c:\users\what\desktop\woodmatch\woodmatch\mp\src\game\server\debug_mod_sdk2013ce\hl2mp_client.obj
c:\users\what\desktop\woodmatch\woodmatch\mp\src\game\server\debug_mod_sdk2013ce\weapon_357.obj
c:\users\what\desktop\woodmatch\woodmatch\mp\src\game\server\debug_mod_sdk2013ce\weapon_rpg.obj
c:\users\what\desktop\woodmatch\woodmatch\mp\src\game\server\debug_mod_sdk2013ce\nav_node.obj
c:\users\what\desktop\woodmatch\woodmatch\mp\src\game\server\debug_mod_sdk2013ce\te_armorricochet.obj
c:\users\what\desktop\woodmatch\woodmatch\mp\src\game\server\debug_mod_sdk2013ce\te_bloodsprite.obj
c:\users\what\desktop\woodmatch\woodmatch\mp\src\game\server\debug_mod_sdk2013ce\te_fizz.obj
c:\users\what\desktop\woodmatch\woodmatch\mp\src\game\server\debug_mod_sdk2013ce\te_glassshatter.obj
c:\users\what\desktop\woodmatch\woodmatch\mp\src\game\server\debug_mod_sdk2013ce\te_sparks.obj
c:\users\what\desktop\woodmatch\woodmatch\mp\src\game\server\debug_mod_sdk2013ce\ai_basenpc_flyer_new.obj
c:\users\what\desktop\woodmatch\woodmatch\mp\src\game\server\debug_mod_sdk2013ce\ai_behavior_fear.obj
c:\users\what\desktop\woodmatch\woodmatch\mp\src\game\server\debug_mod_sdk2013ce\ai_dynamiclink.obj
c:\users\what\desktop\woodmatch\woodmatch\mp\src\game\server\debug_mod_sdk2013ce\ai_looktarget.obj
c:\users\what\desktop\woodmatch\woodmatch\mp\src\game\server\debug_mod_sdk2013ce\ai_moveshoot.obj
c:\users\what\desktop\woodmatch\woodmatch\mp\src\game\server\debug_mod_sdk2013ce\ai_saverestore.obj
c:\users\what\desktop\woodmatch\woodmatch\mp\src\game\server\debug_mod_sdk2013ce\baseentity.obj
c:\users\what\desktop\woodmatch\woodmatch\mp\src\game\server\debug_mod_sdk2013ce\env_player_surface_trigger.obj
c:\users\what\desktop\woodmatch\woodmatch\mp\src\game\server\debug_mod_sdk2013ce\envlaser.obj
c:\users\what\desktop\woodmatch\woodmatch\mp\src\game\server\debug_mod_sdk2013ce\func_areaportal.obj
c:\users\what\desktop\woodmatch\woodmatch\mp\src\game\server\debug_mod_sdk2013ce\func_ladder.obj
c:\users\what\desktop\woodmatch\woodmatch\mp\src\game\server\debug_mod_sdk2013ce\func_occluder.obj
c:\users\what\desktop\woodmatch\woodmatch\mp\src\game\server\debug_mod_sdk2013ce\gamestringpool.obj
c:\users\what\desktop\woodmatch\woodmatch\mp\src\game\server\debug_mod_sdk2013ce\grenadethrown.obj
c:\users\what\desktop\woodmatch\woodmatch\mp\src\game\server\debug_mod_sdk2013ce\hintsystem.obj
c:\users\what\desktop\woodmatch\woodmatch\mp\src\game\server\debug_mod_sdk2013ce\lights.obj
c:\users\what\desktop\woodmatch\woodmatch\mp\src\game\server\debug_mod_sdk2013ce\mapentities_shared.obj
c:\users\what\desktop\woodmatch\woodmatch\mp\src\game\server\debug_mod_sdk2013ce\movehelper_server.obj
c:\users\what\desktop\woodmatch\woodmatch\mp\src\game\server\debug_mod_sdk2013ce\particle_light.obj
c:\users\what\desktop\woodmatch\woodmatch\mp\src\game\server\debug_mod_sdk2013ce\phys_controller.obj
c:\users\what\desktop\woodmatch\woodmatch\mp\src\game\server\debug_mod_sdk2013ce\physics_main.obj
c:\users\what\desktop\woodmatch\woodmatch\mp\src\game\server\debug_mod_sdk2013ce\point_bonusmaps_accessor.obj
c:\users\what\desktop\woodmatch\woodmatch\mp\src\game\server\debug_mod_sdk2013ce\pointhurt.obj
c:\users\what\desktop\woodmatch\woodmatch\mp\src\game\server\debug_mod_sdk2013ce\ragdoll_manager.obj
c:\users\what\desktop\woodmatch\woodmatch\mp\src\game\server\debug_mod_sdk2013ce\slideshow_display.obj
c:\users\what\desktop\woodmatch\woodmatch\mp\src\game\server\debug_mod_sdk2013ce\sprite.obj
c:\users\what\desktop\woodmatch\woodmatch\mp\src\game\server\debug_mod_sdk2013ce\team_objectiveresource.obj
c:\users\what\desktop\woodmatch\woodmatch\mp\src\game\server\debug_mod_sdk2013ce\testtraceline.obj
c:\users\what\desktop\woodmatch\woodmatch\mp\src\game\server\debug_mod_sdk2013ce\triggers.obj
c:\users\what\desktop\woodmatch\woodmatch\mp\src\game\server\debug_mod_sdk2013ce\combine_mine.obj
c:\users\what\desktop\woodmatch\woodmatch\mp\src\game\server\debug_mod_sdk2013ce\hl2_playerlocaldata.obj
c:\users\what\desktop\woodmatch\woodmatch\mp\src\game\server\debug_mod_sdk2013ce\item_battery.obj
c:\users\what\desktop\woodmatch\woodmatch\mp\src\game\server\debug_mod_sdk2013ce\monster_dummy.obj
c:\users\what\desktop\woodmatch\woodmatch\mp\src\game\server\debug_mod_sdk2013ce\npc_citizen17.obj
c:\users\what\desktop\woodmatch\woodmatch\mp\src\game\server\debug_mod_sdk2013ce\npc_playercompanion.obj
c:\users\what\desktop\woodmatch\woodmatch\mp\src\game\server\debug_mod_sdk2013ce\rotorwash.obj
c:\users\what\desktop\woodmatch\woodmatch\mp\src\game\server\debug_mod_sdk2013ce\vehicle_viewcontroller.obj
c:\users\what\desktop\woodmatch\woodmatch\mp\src\game\server\debug_mod_sdk2013ce\npc_missiledefense.obj
c:\users\what\desktop\woodmatch\woodmatch\mp\src\game\server\debug_mod_sdk2013ce\weapon_hl2mpbasehlmpcombatweapon.obj
c:\users\what\desktop\woodmatch\woodmatch\mp\src\game\server\debug_mod_sdk2013ce\weapon_stunstick.obj
c:\users\what\desktop\woodmatch\woodmatch\mp\src\game\server\debug_mod_sdk2013ce\te_breakmodel.obj
c:\users\what\desktop\woodmatch\woodmatch\mp\src\game\server\debug_mod_sdk2013ce\te_particlesystem.obj
c:\users\what\desktop\woodmatch\woodmatch\mp\src\game\server\debug_mod_sdk2013ce\te_worlddecal.obj
c:\users\what\desktop\woodmatch\woodmatch\mp\src\game\server\debug_mod_sdk2013ce\ai_basenpc_movement.obj
c:\users\what\desktop\woodmatch\woodmatch\mp\src\game\server\debug_mod_sdk2013ce\ai_behavior_assault.obj
c:\users\what\desktop\woodmatch\woodmatch\mp\src\game\server\debug_mod_sdk2013ce\ai_event.obj
c:\users\what\desktop\woodmatch\woodmatch\mp\src\game\server\debug_mod_sdk2013ce\ai_movesolver.obj
c:\users\what\desktop\woodmatch\woodmatch\mp\src\game\server\debug_mod_sdk2013ce\ai_navigator.obj
c:\users\what\desktop\woodmatch\woodmatch\mp\src\game\server\debug_mod_sdk2013ce\ai_tacticalservices.obj
c:\users\what\desktop\woodmatch\woodmatch\mp\src\game\server\debug_mod_sdk2013ce\basecombatcharacter_shared.obj
c:\users\what\desktop\woodmatch\woodmatch\mp\src\game\server\debug_mod_sdk2013ce\basegrenade_concussion.obj
c:\users\what\desktop\woodmatch\woodmatch\mp\src\game\server\debug_mod_sdk2013ce\basemultiplayerplayer.obj
c:\users\what\desktop\woodmatch\woodmatch\mp\src\game\server\debug_mod_sdk2013ce\buttons.obj
c:\users\what\desktop\woodmatch\woodmatch\mp\src\game\server\debug_mod_sdk2013ce\damagemodifier.obj
c:\users\what\desktop\woodmatch\woodmatch\mp\src\game\server\debug_mod_sdk2013ce\ehandle.obj
c:\users\what\desktop\woodmatch\woodmatch\mp\src\game\server\debug_mod_sdk2013ce\env_debughistory.obj
c:\users\what\desktop\woodmatch\woodmatch\mp\src\game\server\debug_mod_sdk2013ce\env_texturetoggle.obj
c:\users\what\desktop\woodmatch\woodmatch\mp\src\game\server\debug_mod_sdk2013ce\envbeam.obj
c:\users\what\desktop\woodmatch\woodmatch\mp\src\game\server\debug_mod_sdk2013ce\fire.obj
c:\users\what\desktop\woodmatch\woodmatch\mp\src\game\server\debug_mod_sdk2013ce\func_dust.obj
c:\users\what\desktop\woodmatch\woodmatch\mp\src\game\server\debug_mod_sdk2013ce\func_smokevolume.obj
c:\users\what\desktop\woodmatch\woodmatch\mp\src\game\server\debug_mod_sdk2013ce\gameweaponmanager.obj
c:\users\what\desktop\woodmatch\woodmatch\mp\src\game\server\debug_mod_sdk2013ce\guntarget.obj
c:\users\what\desktop\woodmatch\woodmatch\mp\src\game\server\debug_mod_sdk2013ce\haptic_msgs.obj
c:\users\what\desktop\woodmatch\woodmatch\mp\src\game\server\debug_mod_sdk2013ce\info_camera_link.obj
c:\users\what\desktop\woodmatch\woodmatch\mp\src\game\server\debug_mod_sdk2013ce\logicrelay.obj
c:\users\what\desktop\woodmatch\woodmatch\mp\src\game\server\debug_mod_sdk2013ce\mp_shareddefs.obj
c:\users\what\desktop\woodmatch\woodmatch\mp\src\game\server\debug_mod_sdk2013ce\obstacle_pushaway.obj
c:\users\what\desktop\woodmatch\woodmatch\mp\src\game\server\debug_mod_sdk2013ce\physics.obj
c:\users\what\desktop\woodmatch\woodmatch\mp\src\game\server\debug_mod_sdk2013ce\point_camera.obj
c:\users\what\desktop\woodmatch\woodmatch\mp\src\game\server\debug_mod_sdk2013ce\predictableid.obj
c:\users\what\desktop\woodmatch\woodmatch\mp\src\game\server\debug_mod_sdk2013ce\ragdoll_shared.obj
c:\users\what\desktop\woodmatch\woodmatch\mp\src\game\server\debug_mod_sdk2013ce\scriptedtarget.obj
c:\users\what\desktop\woodmatch\woodmatch\mp\src\game\server\debug_mod_sdk2013ce\soundscape_system.obj
c:\users\what\desktop\woodmatch\woodmatch\mp\src\game\server\debug_mod_sdk2013ce\team_control_point_round.obj
c:\users\what\desktop\woodmatch\woodmatch\mp\src\game\server\debug_mod_sdk2013ce\trains.obj
c:\users\what\desktop\woodmatch\woodmatch\mp\src\game\server\debug_mod_sdk2013ce\ai_behavior_functank.obj
c:\users\what\desktop\woodmatch\woodmatch\mp\src\game\server\debug_mod_sdk2013ce\env_alyxemp.obj
c:\users\what\desktop\woodmatch\woodmatch\mp\src\game\server\debug_mod_sdk2013ce\func_recharge.obj
c:\users\what\desktop\woodmatch\woodmatch\mp\src\game\server\debug_mod_sdk2013ce\hl2_player.obj
c:\users\what\desktop\woodmatch\woodmatch\mp\src\game\server\debug_mod_sdk2013ce\npc_bullseye.obj
c:\users\what\desktop\woodmatch\woodmatch\mp\src\game\server\debug_mod_sdk2013ce\npc_combinegunship.obj
c:\users\what\desktop\woodmatch\woodmatch\mp\src\game\server\debug_mod_sdk2013ce\npc_turret_ceiling.obj
c:\users\what\desktop\woodmatch\woodmatch\mp\src\game\server\debug_mod_sdk2013ce\prop_combine_ball.obj
c:\users\what\desktop\woodmatch\woodmatch\mp\src\game\server\debug_mod_sdk2013ce\hl2mp_bot_temp.obj
c:\users\what\desktop\woodmatch\woodmatch\mp\src\game\server\debug_mod_sdk2013ce\te_hl2mp_shotgun_shot.obj
c:\users\what\desktop\woodmatch\woodmatch\mp\src\game\server\debug_mod_sdk2013ce\weapon_hl2mpbase.obj
c:\users\what\desktop\woodmatch\woodmatch\mp\src\game\server\debug_mod_sdk2013ce\weapon_smg1.obj
c:\users\what\desktop\woodmatch\woodmatch\mp\src\game\server\debug_mod_sdk2013ce\nav_mesh.obj
c:\users\what\desktop\woodmatch\woodmatch\mp\src\game\server\debug_mod_sdk2013ce\te_beamentpoint.obj
c:\users\what\desktop\woodmatch\woodmatch\mp\src\game\server\debug_mod_sdk2013ce\te_bubbletrail.obj
c:\users\what\desktop\woodmatch\woodmatch\mp\src\game\server\debug_mod_sdk2013ce\te_footprintdecal.obj
c:\users\what\desktop\woodmatch\woodmatch\mp\src\game\server\debug_mod_sdk2013ce\te_showline.obj
c:\users\what\desktop\woodmatch\woodmatch\mp\src\game\server\debug_mod_sdk2013ce\achievements_hlx.obj
c:\users\what\desktop\woodmatch\woodmatch\mp\src\game\server\debug_mod_sdk2013ce\ai_behavior.obj
c:\users\what\desktop\woodmatch\woodmatch\mp\src\game\server\debug_mod_sdk2013ce\ai_condition.obj
c:\users\what\desktop\woodmatch\woodmatch\mp\src\game\server\debug_mod_sdk2013ce\ai_localnavigator.obj
c:\users\what\desktop\woodmatch\woodmatch\mp\src\game\server\debug_mod_sdk2013ce\ai_pathfinder.obj
c:\users\what\desktop\woodmatch\woodmatch\mp\src\game\server\debug_mod_sdk2013ce\ai_sentence.obj
c:\users\what\desktop\woodmatch\woodmatch\mp\src\game\server\debug_mod_sdk2013ce\ammodef.obj
c:\users\what\desktop\woodmatch\woodmatch\mp\src\game\server\debug_mod_sdk2013ce\baseanimating.obj
c:\users\what\desktop\woodmatch\woodmatch\mp\src\game\server\debug_mod_sdk2013ce\collisionproperty.obj
c:\users\what\desktop\woodmatch\woodmatch\mp\src\game\server\debug_mod_sdk2013ce\cragdollmagnet.obj
c:\users\what\desktop\woodmatch\woodmatch\mp\src\game\server\debug_mod_sdk2013ce\entitydissolve.obj
c:\users\what\desktop\woodmatch\woodmatch\mp\src\game\server\debug_mod_sdk2013ce\envmicrophone.obj
c:\users\what\desktop\woodmatch\woodmatch\mp\src\game\server\debug_mod_sdk2013ce\func_areaportalbase.obj
c:\users\what\desktop\woodmatch\woodmatch\mp\src\game\server\debug_mod_sdk2013ce\func_ladder_endpoint.obj
c:\users\what\desktop\woodmatch\woodmatch\mp\src\game\server\debug_mod_sdk2013ce\game_ui.obj
c:\users\what\desktop\woodmatch\woodmatch\mp\src\game\server\debug_mod_sdk2013ce\gib.obj
c:\users\what\desktop\woodmatch\woodmatch\mp\src\game\server\debug_mod_sdk2013ce\hltvdirector.obj
c:\users\what\desktop\woodmatch\woodmatch\mp\src\game\server\debug_mod_sdk2013ce\logic_navigation.obj
c:\users\what\desktop\woodmatch\woodmatch\mp\src\game\server\debug_mod_sdk2013ce\modelsoundscache.obj
c:\users\what\desktop\woodmatch\woodmatch\mp\src\game\server\debug_mod_sdk2013ce\particlesystemquery.obj
c:\users\what\desktop\woodmatch\woodmatch\mp\src\game\server\debug_mod_sdk2013ce\player.obj
c:\users\what\desktop\woodmatch\woodmatch\mp\src\game\server\debug_mod_sdk2013ce\spotlightend.obj
c:\users\what\desktop\woodmatch\woodmatch\mp\src\game\server\debug_mod_sdk2013ce\survival_gamerules.obj
c:\users\what\desktop\woodmatch\woodmatch\mp\src\game\server\debug_mod_sdk2013ce\tanktrain.obj
c:\users\what\desktop\woodmatch\woodmatch\mp\src\game\server\debug_mod_sdk2013ce\teamplayroundbased_gamerules.obj
c:\users\what\desktop\woodmatch\woodmatch\mp\src\game\server\debug_mod_sdk2013ce\vote_controller.obj
c:\users\what\desktop\woodmatch\woodmatch\mp\src\game\server\debug_mod_sdk2013ce\ai_allymanager.obj
c:\users\what\desktop\woodmatch\woodmatch\mp\src\game\server\debug_mod_sdk2013ce\grenade_frag.obj
c:\users\what\desktop\woodmatch\woodmatch\mp\src\game\server\debug_mod_sdk2013ce\hl_playermove.obj
c:\users\what\desktop\woodmatch\woodmatch\mp\src\game\server\debug_mod_sdk2013ce\npc_antlionguard.obj
c:\users\what\desktop\woodmatch\woodmatch\mp\src\game\server\debug_mod_sdk2013ce\npc_cranedriver.obj
c:\users\what\desktop\woodmatch\woodmatch\mp\src\game\server\debug_mod_sdk2013ce\npc_manhack.obj
c:\users\what\desktop\woodmatch\woodmatch\mp\src\game\server\debug_mod_sdk2013ce\npc_turret_floor.obj
c:\users\what\desktop\woodmatch\woodmatch\mp\src\game\server\debug_mod_sdk2013ce\vehicle_crane.obj
c:\users\what\desktop\woodmatch\woodmatch\mp\src\game\server\debug_mod_sdk2013ce\hl2mp_playeranimstate.obj
c:\users\what\desktop\woodmatch\woodmatch\mp\src\game\server\debug_mod_sdk2013ce\weapon_frag.obj
c:\users\what\desktop\woodmatch\woodmatch\mp\src\game\server\debug_mod_sdk2013ce\nav_colors.obj
c:\users\what\desktop\woodmatch\woodmatch\mp\src\game\server\debug_mod_sdk2013ce\nav_generate.obj
c:\users\what\desktop\woodmatch\woodmatch\mp\src\game\server\debug_mod_sdk2013ce\particle_smokegrenade.obj
c:\users\what\desktop\woodmatch\woodmatch\mp\src\game\server\debug_mod_sdk2013ce\te_basebeam.obj
c:\users\what\desktop\woodmatch\woodmatch\mp\src\game\server\debug_mod_sdk2013ce\te_clientprojectile.obj
c:\users\what\desktop\woodmatch\woodmatch\mp\src\game\server\debug_mod_sdk2013ce\te_projecteddecal.obj
c:\users\what\desktop\woodmatch\woodmatch\mp\src\game\server\debug_mod_sdk2013ce\ai_baseactor.obj
c:\users\what\desktop\woodmatch\woodmatch\mp\src\game\server\debug_mod_sdk2013ce\ai_concommands.obj
c:\users\what\desktop\woodmatch\woodmatch\mp\src\game\server\debug_mod_sdk2013ce\ai_hull.obj
c:\users\what\desktop\woodmatch\woodmatch\mp\src\game\server\debug_mod_sdk2013ce\ai_memory.obj
c:\users\what\desktop\woodmatch\woodmatch\mp\src\game\server\debug_mod_sdk2013ce\ai_route.obj
c:\users\what\desktop\woodmatch\woodmatch\mp\src\game\server\debug_mod_sdk2013ce\ai_squadslot.obj
c:\users\what\desktop\woodmatch\woodmatch\mp\src\game\server\debug_mod_sdk2013ce\base_playeranimstate.obj
c:\users\what\desktop\woodmatch\woodmatch\mp\src\game\server\debug_mod_sdk2013ce\baseflex.obj
c:\users\what\desktop\woodmatch\woodmatch\mp\src\game\server\debug_mod_sdk2013ce\death_pose.obj
c:\users\what\desktop\woodmatch\woodmatch\mp\src\game\server\debug_mod_sdk2013ce\effects.obj
c:\users\what\desktop\woodmatch\woodmatch\mp\src\game\server\debug_mod_sdk2013ce\explode.obj
c:\users\what\desktop\woodmatch\woodmatch\mp\src\game\server\debug_mod_sdk2013ce\game.obj
c:\users\what\desktop\woodmatch\woodmatch\mp\src\game\server\debug_mod_sdk2013ce\gamevars_shared.obj
c:\users\what\desktop\woodmatch\woodmatch\mp\src\game\server\debug_mod_sdk2013ce\h_ai.obj
c:\users\what\desktop\woodmatch\woodmatch\mp\src\game\server\debug_mod_sdk2013ce\haptic_utils.obj
c:\users\what\desktop\woodmatch\woodmatch\mp\src\game\server\debug_mod_sdk2013ce\intermission.obj
c:\users\what\desktop\woodmatch\woodmatch\mp\src\game\server\debug_mod_sdk2013ce\logicauto.obj
c:\users\what\desktop\woodmatch\woodmatch\mp\src\game\server\debug_mod_sdk2013ce\materialmodifycontrol.obj
c:\users\what\desktop\woodmatch\woodmatch\mp\src\game\server\debug_mod_sdk2013ce\movement.obj
c:\users\what\desktop\woodmatch\woodmatch\mp\src\game\server\debug_mod_sdk2013ce\pathcorner.obj
c:\users\what\desktop\woodmatch\woodmatch\mp\src\game\server\debug_mod_sdk2013ce\physconstraint.obj
c:\users\what\desktop\woodmatch\woodmatch\mp\src\game\server\debug_mod_sdk2013ce\player_command.obj
c:\users\what\desktop\woodmatch\woodmatch\mp\src\game\server\debug_mod_sdk2013ce\playerinfomanager.obj
c:\users\what\desktop\woodmatch\woodmatch\mp\src\game\server\debug_mod_sdk2013ce\pointangularvelocitysensor.obj
c:\users\what\desktop\woodmatch\woodmatch\mp\src\game\server\debug_mod_sdk2013ce\rope.obj
c:\users\what\desktop\woodmatch\woodmatch\mp\src\game\server\debug_mod_sdk2013ce\scripted.obj
c:\users\what\desktop\woodmatch\woodmatch\mp\src\game\server\debug_mod_sdk2013ce\sprite_perfmonitor.obj
c:\users\what\desktop\woodmatch\woodmatch\mp\src\game\server\debug_mod_sdk2013ce\team_control_point.obj
c:\users\what\desktop\woodmatch\woodmatch\mp\src\game\server\debug_mod_sdk2013ce\timedeventmgr.obj
c:\users\what\desktop\woodmatch\woodmatch\mp\src\game\server\debug_mod_sdk2013ce\vguiscreen.obj
c:\users\what\desktop\woodmatch\woodmatch\mp\src\game\server\debug_mod_sdk2013ce\weapon_parse.obj
c:\users\what\desktop\woodmatch\woodmatch\mp\src\game\server\debug_mod_sdk2013ce\ai_behavior_holster.obj
c:\users\what\desktop\woodmatch\woodmatch\mp\src\game\server\debug_mod_sdk2013ce\citadel_effects.obj
c:\users\what\desktop\woodmatch\woodmatch\mp\src\game\server\debug_mod_sdk2013ce\env_headcrabcanister_shared.obj
c:\users\what\desktop\woodmatch\woodmatch\mp\src\game\server\debug_mod_sdk2013ce\func_tank.obj
c:\users\what\desktop\woodmatch\woodmatch\mp\src\game\server\debug_mod_sdk2013ce\npc_breen.obj
c:\users\what\desktop\woodmatch\woodmatch\mp\src\game\server\debug_mod_sdk2013ce\npc_combines.obj
c:\users\what\desktop\woodmatch\woodmatch\mp\src\game\server\debug_mod_sdk2013ce\npc_mossman.obj
c:\users\what\desktop\woodmatch\woodmatch\mp\src\game\server\debug_mod_sdk2013ce\npc_zombie.obj
c:\users\what\desktop\woodmatch\woodmatch\mp\src\game\server\debug_mod_sdk2013ce\vehicle_prisoner_pod.obj
c:\users\what\desktop\woodmatch\woodmatch\mp\src\game\server\debug_mod_sdk2013ce\weapon_flaregun.obj
c:\users\what\desktop\woodmatch\woodmatch\mp\src\game\server\debug_mod_sdk2013ce\hl2mp_player_shared.obj
c:\users\what\desktop\woodmatch\woodmatch\mp\src\game\server\debug_mod_sdk2013ce\weapon_crowbar.obj
c:\users\what\desktop\woodmatch\woodmatch\mp\src\game\server\debug_mod_sdk2013ce\nav_ladder.obj
c:\users\what\desktop\woodmatch\woodmatch\mp\src\game\server\debug_mod_sdk2013ce\movie_explosion.obj
c:\users\what\desktop\woodmatch\woodmatch\mp\src\game\server\debug_mod_sdk2013ce\steamjet.obj
c:\users\what\desktop\woodmatch\woodmatch\mp\src\game\server\debug_mod_sdk2013ce\te_beamlaser.obj
c:\users\what\desktop\woodmatch\woodmatch\mp\src\game\server\debug_mod_sdk2013ce\te_decal.obj
c:\users\what\desktop\woodmatch\woodmatch\mp\src\game\server\debug_mod_sdk2013ce\te_physicsprop.obj
c:\users\what\desktop\woodmatch\woodmatch\mp\src\game\server\debug_mod_sdk2013ce\ai_basenpc.obj
c:\users\what\desktop\woodmatch\woodmatch\mp\src\game\server\debug_mod_sdk2013ce\ai_playerally.obj
c:\users\what\desktop\woodmatch\woodmatch\mp\src\game\server\debug_mod_sdk2013ce\base_transmit_proxy.obj
c:\users\what\desktop\woodmatch\woodmatch\mp\src\game\server\debug_mod_sdk2013ce\basecombatweapon.obj
c:\users\what\desktop\woodmatch\woodmatch\mp\src\game\server\debug_mod_sdk2013ce\controlentities.obj
c:\users\what\desktop\woodmatch\woodmatch\mp\src\game\server\debug_mod_sdk2013ce\entityblocker.obj
c:\users\what\desktop\woodmatch\woodmatch\mp\src\game\server\debug_mod_sdk2013ce\env_effectsscript.obj
c:\users\what\desktop\woodmatch\woodmatch\mp\src\game\server\debug_mod_sdk2013ce\env_tonemap_controller.obj
c:\users\what\desktop\woodmatch\woodmatch\mp\src\game\server\debug_mod_sdk2013ce\envshake.obj
c:\users\what\desktop\woodmatch\woodmatch\mp\src\game\server\debug_mod_sdk2013ce\fish.obj
c:\users\what\desktop\woodmatch\woodmatch\mp\src\game\server\debug_mod_sdk2013ce\func_movelinear.obj
c:\users\what\desktop\woodmatch\woodmatch\mp\src\game\server\debug_mod_sdk2013ce\gamestats.obj
c:\users\what\desktop\woodmatch\woodmatch\mp\src\game\server\debug_mod_sdk2013ce\igamesystem.obj
c:\users\what\desktop\woodmatch\woodmatch\mp\src\game\server\debug_mod_sdk2013ce\mapentities.obj
c:\users\what\desktop\woodmatch\woodmatch\mp\src\game\server\debug_mod_sdk2013ce\physics_fx.obj
c:\users\what\desktop\woodmatch\woodmatch\mp\src\game\server\debug_mod_sdk2013ce\physobj.obj
c:\users\what\desktop\woodmatch\woodmatch\mp\src\game\server\debug_mod_sdk2013ce\point_posecontroller.obj
c:\users\what\desktop\woodmatch\woodmatch\mp\src\game\server\debug_mod_sdk2013ce\props_shared.obj
c:\users\what\desktop\woodmatch\woodmatch\mp\src\game\server\debug_mod_sdk2013ce\sendproxy.obj
c:\users\what\desktop\woodmatch\woodmatch\mp\src\game\server\debug_mod_sdk2013ce\singleplay_gamerules.obj
c:\users\what\desktop\woodmatch\woodmatch\mp\src\game\server\debug_mod_sdk2013ce\soundparametersinternal.obj
c:\users\what\desktop\woodmatch\woodmatch\mp\src\game\server\debug_mod_sdk2013ce\subs.obj
c:\users\what\desktop\woodmatch\woodmatch\mp\src\game\server\debug_mod_sdk2013ce\team_spawnpoint.obj
c:\users\what\desktop\woodmatch\woodmatch\mp\src\game\server\debug_mod_sdk2013ce\tesla.obj
c:\users\what\desktop\woodmatch\woodmatch\mp\src\game\server\debug_mod_sdk2013ce\test_stressentities.obj
c:\users\what\desktop\woodmatch\woodmatch\mp\src\game\server\debug_mod_sdk2013ce\variant_t.obj
c:\users\what\desktop\woodmatch\woodmatch\mp\src\game\server\debug_mod_sdk2013ce\voice_gamemgr.obj
c:\users\what\desktop\woodmatch\woodmatch\mp\src\game\server\debug_mod_sdk2013ce\wcedit.obj
c:\users\what\desktop\woodmatch\woodmatch\mp\src\game\server\debug_mod_sdk2013ce\basehlcombatweapon.obj
c:\users\what\desktop\woodmatch\woodmatch\mp\src\game\server\debug_mod_sdk2013ce\hl2_ai_network.obj
c:\users\what\desktop\woodmatch\woodmatch\mp\src\game\server\debug_mod_sdk2013ce\npc_antlion.obj
c:\users\what\desktop\woodmatch\woodmatch\mp\src\game\server\debug_mod_sdk2013ce\npc_dog.obj
c:\users\what\desktop\woodmatch\woodmatch\mp\src\game\server\debug_mod_sdk2013ce\npc_metropolice.obj
c:\users\what\desktop\woodmatch\woodmatch\mp\src\game\server\debug_mod_sdk2013ce\point_apc_controller.obj
c:\users\what\desktop\woodmatch\woodmatch\mp\src\game\server\debug_mod_sdk2013ce\proto_sniper.obj
c:\users\what\desktop\woodmatch\woodmatch\mp\src\game\server\debug_mod_sdk2013ce\hl2mp_gamerules.obj
c:\users\what\desktop\woodmatch\woodmatch\mp\src\game\server\debug_mod_sdk2013ce\weapon_hl2mpbase_machinegun.obj
c:\users\what\desktop\woodmatch\woodmatch\mp\src\game\server\debug_mod_sdk2013ce\nav_area.obj
c:\users\what\desktop\woodmatch\woodmatch\mp\src\game\server\debug_mod_sdk2013ce\te_beamspline.obj
c:\users\what\desktop\woodmatch\woodmatch\mp\src\game\server\debug_mod_sdk2013ce\te_bspdecal.obj
c:\users\what\desktop\woodmatch\woodmatch\mp\src\game\server\debug_mod_sdk2013ce\te_gaussexplosion.obj
c:\users\what\desktop\woodmatch\woodmatch\mp\src\game\server\debug_mod_sdk2013ce\te_smoke.obj
c:\users\what\desktop\woodmatch\woodmatch\mp\src\game\server\debug_mod_sdk2013ce\ai_basehumanoid.obj
c:\users\what\desktop\woodmatch\woodmatch\mp\src\game\server\debug_mod_sdk2013ce\ai_behavior_standoff.obj
c:\users\what\desktop\woodmatch\woodmatch\mp\src\game\server\debug_mod_sdk2013ce\ai_interest_target.obj
c:\users\what\desktop\woodmatch\woodmatch\mp\src\game\server\debug_mod_sdk2013ce\ai_moveprobe.obj
c:\users\what\desktop\woodmatch\woodmatch\mp\src\game\server\debug_mod_sdk2013ce\ai_schedule.obj
c:\users\what\desktop\woodmatch\woodmatch\mp\src\game\server\debug_mod_sdk2013ce\ai_task.obj
c:\users\what\desktop\woodmatch\woodmatch\mp\src\game\server\debug_mod_sdk2013ce\baseachievement.obj
c:\users\what\desktop\woodmatch\woodmatch\mp\src\game\server\debug_mod_sdk2013ce\basegrenade_timed.obj
c:\users\what\desktop\woodmatch\woodmatch\mp\src\game\server\debug_mod_sdk2013ce\baseprojectile.obj
c:\users\what\desktop\woodmatch\woodmatch\mp\src\game\server\debug_mod_sdk2013ce\bitstring.obj
c:\users\what\desktop\woodmatch\woodmatch\mp\src\game\server\debug_mod_sdk2013ce\colorcorrection.obj
c:\users\what\desktop\woodmatch\woodmatch\mp\src\game\server\debug_mod_sdk2013ce\cplane.obj
c:\users\what\desktop\woodmatch\woodmatch\mp\src\game\server\debug_mod_sdk2013ce\dynamiclight.obj
c:\users\what\desktop\woodmatch\woodmatch\mp\src\game\server\debug_mod_sdk2013ce\entitylist.obj
c:\users\what\desktop\woodmatch\woodmatch\mp\src\game\server\debug_mod_sdk2013ce\genericactor.obj
c:\users\what\desktop\woodmatch\woodmatch\mp\src\game\server\debug_mod_sdk2013ce\logicentities.obj
c:\users\what\desktop\woodmatch\woodmatch\mp\src\game\server\debug_mod_sdk2013ce\particle_parse.obj
c:\users\what\desktop\woodmatch\woodmatch\mp\src\game\server\debug_mod_sdk2013ce\physics_shared.obj
c:\users\what\desktop\woodmatch\woodmatch\mp\src\game\server\debug_mod_sdk2013ce\plugin_check.obj
c:\users\what\desktop\woodmatch\woodmatch\mp\src\game\server\debug_mod_sdk2013ce\point_spotlight.obj
c:\users\what\desktop\woodmatch\woodmatch\mp\src\game\server\debug_mod_sdk2013ce\props.obj
c:\users\what\desktop\woodmatch\woodmatch\mp\src\game\server\debug_mod_sdk2013ce\teamplay_gamerules.obj
c:\users\what\desktop\woodmatch\woodmatch\mp\src\game\server\debug_mod_sdk2013ce\testfunctions.obj
c:\users\what\desktop\woodmatch\woodmatch\mp\src\game\server\debug_mod_sdk2013ce\util_shared.obj
c:\users\what\desktop\woodmatch\woodmatch\mp\src\game\server\debug_mod_sdk2013ce\waterlodcontrol.obj
c:\users\what\desktop\woodmatch\woodmatch\mp\src\game\server\debug_mod_sdk2013ce\ai_behavior_actbusy.obj
c:\users\what\desktop\woodmatch\woodmatch\mp\src\game\server\debug_mod_sdk2013ce\hl2_triggers.obj
c:\users\what\desktop\woodmatch\woodmatch\mp\src\game\server\debug_mod_sdk2013ce\item_healthkit.obj
c:\users\what\desktop\woodmatch\woodmatch\mp\src\game\server\debug_mod_sdk2013ce\npc_alyx.obj
c:\users\what\desktop\woodmatch\woodmatch\mp\src\game\server\debug_mod_sdk2013ce\npc_enemyfinder.obj
c:\users\what\desktop\woodmatch\woodmatch\mp\src\game\server\debug_mod_sdk2013ce\npc_ichthyosaur.obj
c:\users\what\desktop\woodmatch\woodmatch\mp\src\game\server\debug_mod_sdk2013ce\npc_poisonzombie.obj
c:\users\what\desktop\woodmatch\woodmatch\mp\src\game\server\debug_mod_sdk2013ce\npc_turret_ground.obj
c:\users\what\desktop\woodmatch\woodmatch\mp\src\game\server\debug_mod_sdk2013ce\weapon_annabelle.obj
c:\users\what\desktop\woodmatch\woodmatch\mp\src\game\server\debug_mod_sdk2013ce\weapon_cguard.obj
c:\users\what\desktop\woodmatch\woodmatch\mp\src\game\server\debug_mod_sdk2013ce\hl2mp_weapon_parse.obj
c:\users\what\desktop\woodmatch\woodmatch\mp\src\game\server\debug_mod_sdk2013ce\grenade_tripmine.obj
c:\users\what\desktop\woodmatch\woodmatch\mp\src\game\server\debug_mod_sdk2013ce\weapon_hl2mpbasebasebludgeon.obj
c:\users\what\desktop\woodmatch\woodmatch\mp\src\game\server\debug_mod_sdk2013ce\nav_entities.obj
c:\users\what\desktop\woodmatch\woodmatch\mp\src\game\server\debug_mod_sdk2013ce\particle_fire.obj
c:\users\what\desktop\woodmatch\woodmatch\mp\src\game\server\debug_mod_sdk2013ce\te.obj
c:\users\what\desktop\woodmatch\woodmatch\mp\src\game\server\debug_mod_sdk2013ce\te_beampoints.obj
c:\users\what\desktop\woodmatch\woodmatch\mp\src\game\server\debug_mod_sdk2013ce\te_explosion.obj
c:\users\what\desktop\woodmatch\woodmatch\mp\src\game\server\debug_mod_sdk2013ce\te_killplayerattachments.obj
c:\users\what\desktop\woodmatch\woodmatch\mp\src\game\server\debug_mod_sdk2013ce\usermessages.obj
c:\users\what\desktop\woodmatch\woodmatch\mp\src\game\server\debug_mod_sdk2013ce\achievementmgr.obj
c:\users\what\desktop\woodmatch\woodmatch\mp\src\game\server\debug_mod_sdk2013ce\ai_blended_movement.obj
c:\users\what\desktop\woodmatch\woodmatch\mp\src\game\server\debug_mod_sdk2013ce\ai_initutils.obj
c:\users\what\desktop\woodmatch\woodmatch\mp\src\game\server\debug_mod_sdk2013ce\ai_relationship.obj
c:\users\what\desktop\woodmatch\woodmatch\mp\src\game\server\debug_mod_sdk2013ce\ai_speech.obj
c:\users\what\desktop\woodmatch\woodmatch\mp\src\game\server\debug_mod_sdk2013ce\animation.obj
c:\users\what\desktop\woodmatch\woodmatch\mp\src\game\server\debug_mod_sdk2013ce\baseentity_shared.obj
c:\users\what\desktop\woodmatch\woodmatch\mp\src\game\server\debug_mod_sdk2013ce\baseviewmodel.obj
c:\users\what\desktop\woodmatch\woodmatch\mp\src\game\server\debug_mod_sdk2013ce\client.obj
c:\users\what\desktop\woodmatch\woodmatch\mp\src\game\server\debug_mod_sdk2013ce\effect_dispatch_data.obj
c:\users\what\desktop\woodmatch\woodmatch\mp\src\game\server\debug_mod_sdk2013ce\env_detail_controller.obj
c:\users\what\desktop\woodmatch\woodmatch\mp\src\game\server\debug_mod_sdk2013ce\env_screenoverlay.obj
c:\users\what\desktop\woodmatch\woodmatch\mp\src\game\server\debug_mod_sdk2013ce\envmessage.obj
c:\users\what\desktop\woodmatch\woodmatch\mp\src\game\server\debug_mod_sdk2013ce\func_breakablesurf.obj
c:\users\what\desktop\woodmatch\woodmatch\mp\src\game\server\debug_mod_sdk2013ce\genericmonster.obj
c:\users\what\desktop\woodmatch\woodmatch\mp\src\game\server\debug_mod_sdk2013ce\monstermaker.obj
c:\users\what\desktop\woodmatch\woodmatch\mp\src\game\server\debug_mod_sdk2013ce\physics_impact_damage.obj
c:\users\what\desktop\woodmatch\woodmatch\mp\src\game\server\debug_mod_sdk2013ce\physics_saverestore.obj
c:\users\what\desktop\woodmatch\woodmatch\mp\src\game\server\debug_mod_sdk2013ce\playerlocaldata.obj
c:\users\what\desktop\woodmatch\woodmatch\mp\src\game\server\debug_mod_sdk2013ce\pointteleport.obj
c:\users\what\desktop\woodmatch\woodmatch\mp\src\game\server\debug_mod_sdk2013ce\querycache.obj
c:\users\what\desktop\woodmatch\woodmatch\mp\src\game\server\debug_mod_sdk2013ce\sequence_transitioner.obj
c:\users\what\desktop\woodmatch\woodmatch\mp\src\game\server\debug_mod_sdk2013ce\simtimer.obj
c:\users\what\desktop\woodmatch\woodmatch\mp\src\game\server\debug_mod_sdk2013ce\soundemittersystem.obj
c:\users\what\desktop\woodmatch\woodmatch\mp\src\game\server\debug_mod_sdk2013ce\team_control_point_master.obj
c:\users\what\desktop\woodmatch\woodmatch\mp\src\game\server\debug_mod_sdk2013ce\util.obj
c:\users\what\desktop\woodmatch\woodmatch\mp\src\game\server\debug_mod_sdk2013ce\ai_goal_police.obj
c:\users\what\desktop\woodmatch\woodmatch\mp\src\game\server\debug_mod_sdk2013ce\antlion_dust.obj
c:\users\what\desktop\woodmatch\woodmatch\mp\src\game\server\debug_mod_sdk2013ce\basebludgeonweapon.obj
c:\users\what\desktop\woodmatch\woodmatch\mp\src\game\server\debug_mod_sdk2013ce\env_headcrabcanister.obj
c:\users\what\desktop\woodmatch\woodmatch\mp\src\game\server\debug_mod_sdk2013ce\item_dynamic_resupply.obj
c:\users\what\desktop\woodmatch\woodmatch\mp\src\game\server\debug_mod_sdk2013ce\npc_apcdriver.obj
c:\users\what\desktop\woodmatch\woodmatch\mp\src\game\server\debug_mod_sdk2013ce\npc_combine.obj
c:\users\what\desktop\woodmatch\woodmatch\mp\src\game\server\debug_mod_sdk2013ce\npc_headcrab.obj
c:\users\what\desktop\woodmatch\woodmatch\mp\src\game\server\debug_mod_sdk2013ce\npc_rollermine.obj
c:\users\what\desktop\woodmatch\woodmatch\mp\src\game\server\debug_mod_sdk2013ce\prop_thumper.obj
c:\users\what\desktop\woodmatch\woodmatch\mp\src\game\server\debug_mod_sdk2013ce\grenade_homer.obj
c:\users\what\desktop\woodmatch\woodmatch\mp\src\game\server\debug_mod_sdk2013ce\hl2mp_player.obj
c:\users\what\desktop\woodmatch\woodmatch\mp\src\game\server\debug_mod_sdk2013ce\weapon_pistol.obj
c:\users\what\desktop\woodmatch\woodmatch\mp\src\game\server\debug_mod_sdk2013ce\nav_file.obj
c:\users\what\desktop\woodmatch\woodmatch\mp\src\game\server\debug_mod_sdk2013ce\nav_simplify.obj
c:\users\what\desktop\woodmatch\woodmatch\mp\src\game\server\debug_mod_sdk2013ce\te_bloodstream.obj
c:\users\what\desktop\woodmatch\woodmatch\mp\src\game\server\debug_mod_sdk2013ce\te_muzzleflash.obj
c:\users\what\desktop\woodmatch\woodmatch\mp\src\game\server\debug_mod_sdk2013ce\entity_tools_server.obj
c:\users\what\desktop\woodmatch\woodmatch\mp\src\game\server\debug_mod_sdk2013ce\ai_activity.obj
c:\users\what\desktop\woodmatch\woodmatch\mp\src\game\server\debug_mod_sdk2013ce\ai_behavior_follow.obj
c:\users\what\desktop\woodmatch\woodmatch\mp\src\game\server\debug_mod_sdk2013ce\ai_link.obj
c:\users\what\desktop\woodmatch\woodmatch\mp\src\game\server\debug_mod_sdk2013ce\ai_motor.obj
c:\users\what\desktop\woodmatch\woodmatch\mp\src\game\server\debug_mod_sdk2013ce\ai_responsesystem.obj
c:\users\what\desktop\woodmatch\woodmatch\mp\src\game\server\debug_mod_sdk2013ce\ai_speechfilter.obj
c:\users\what\desktop\woodmatch\woodmatch\mp\src\game\server\debug_mod_sdk2013ce\basegrenade_shared.obj
c:\users\what\desktop\woodmatch\woodmatch\mp\src\game\server\debug_mod_sdk2013ce\bmodels.obj
c:\users\what\desktop\woodmatch\woodmatch\mp\src\game\server\debug_mod_sdk2013ce\commentarysystem.obj
c:\users\what\desktop\woodmatch\woodmatch\mp\src\game\server\debug_mod_sdk2013ce\env_wind_shared.obj
c:\users\what\desktop\woodmatch\woodmatch\mp\src\game\server\debug_mod_sdk2013ce\eventlist.obj
c:\users\what\desktop\woodmatch\woodmatch\mp\src\game\server\debug_mod_sdk2013ce\fogcontroller.obj
c:\users\what\desktop\woodmatch\woodmatch\mp\src\game\server\debug_mod_sdk2013ce\func_monitor.obj
c:\users\what\desktop\woodmatch\woodmatch\mp\src\game\server\debug_mod_sdk2013ce\gamerules_register.obj
c:\users\what\desktop\woodmatch\woodmatch\mp\src\game\server\debug_mod_sdk2013ce\globalstate.obj
c:\users\what\desktop\woodmatch\woodmatch\mp\src\game\server\debug_mod_sdk2013ce\hintmessage.obj
c:\users\what\desktop\woodmatch\woodmatch\mp\src\game\server\debug_mod_sdk2013ce\lightglow.obj
c:\users\what\desktop\woodmatch\woodmatch\mp\src\game\server\debug_mod_sdk2013ce\maprules.obj
c:\users\what\desktop\woodmatch\woodmatch\mp\src\game\server\debug_mod_sdk2013ce\movevars_shared.obj
c:\users\what\desktop\woodmatch\woodmatch\mp\src\game\server\debug_mod_sdk2013ce\particle_system.obj
c:\users\what\desktop\woodmatch\woodmatch\mp\src\game\server\debug_mod_sdk2013ce\physics_prop_ragdoll.obj
c:\users\what\desktop\woodmatch\woodmatch\mp\src\game\server\debug_mod_sdk2013ce\recipientfilter.obj
c:\users\what\desktop\woodmatch\woodmatch\mp\src\game\server\debug_mod_sdk2013ce\scenecache.obj
c:\users\what\desktop\woodmatch\woodmatch\mp\src\game\server\debug_mod_sdk2013ce\skycamera.obj
c:\users\what\desktop\woodmatch\woodmatch\mp\src\game\server\debug_mod_sdk2013ce\soundscape.obj
c:\users\what\desktop\woodmatch\woodmatch\mp\src\game\server\debug_mod_sdk2013ce\tactical_mission.obj
c:\users\what\desktop\woodmatch\woodmatch\mp\src\game\server\debug_mod_sdk2013ce\templateentities.obj
c:\users\what\desktop\woodmatch\woodmatch\mp\src\game\server\debug_mod_sdk2013ce\textstatsmgr.obj
c:\users\what\desktop\woodmatch\woodmatch\mp\src\game\server\debug_mod_sdk2013ce\vehicle_baseserver.obj
c:\users\what\desktop\woodmatch\woodmatch\mp\src\game\server\debug_mod_sdk2013ce\basehlcombatweapon_shared.obj
c:\users\what\desktop\woodmatch\woodmatch\mp\src\game\server\debug_mod_sdk2013ce\env_starfield.obj
c:\users\what\desktop\woodmatch\woodmatch\mp\src\game\server\debug_mod_sdk2013ce\grenade_ar2.obj
c:\users\what\desktop\woodmatch\woodmatch\mp\src\game\server\debug_mod_sdk2013ce\hl_gamemovement.obj
c:\users\what\desktop\woodmatch\woodmatch\mp\src\game\server\debug_mod_sdk2013ce\look_door.obj
c:\users\what\desktop\woodmatch\woodmatch\mp\src\game\server\debug_mod_sdk2013ce\npc_attackchopper.obj
c:\users\what\desktop\woodmatch\woodmatch\mp\src\game\server\debug_mod_sdk2013ce\npc_eli.obj
c:\users\what\desktop\woodmatch\woodmatch\mp\src\game\server\debug_mod_sdk2013ce\npc_launcher.obj
c:\users\what\desktop\woodmatch\woodmatch\mp\src\game\server\debug_mod_sdk2013ce\npc_talker.obj
c:\users\what\desktop\woodmatch\woodmatch\mp\src\game\server\debug_mod_sdk2013ce\script_intro.obj
c:\users\what\desktop\woodmatch\woodmatch\mp\src\game\server\debug_mod_sdk2013ce\weapon_cubemap.obj
c:\users\what\desktop\woodmatch\woodmatch\mp\src\game\server\debug_mod_sdk2013ce\grenade_pathfollower.obj
c:\users\what\desktop\woodmatch\woodmatch\mp\src\game\server\debug_mod_sdk2013ce\hl2mp_cvars.obj
c:\users\what\desktop\woodmatch\woodmatch\mp\src\game\server\debug_mod_sdk2013ce\multiplayer_animstate.obj
c:\users\what\desktop\woodmatch\woodmatch\mp\src\game\server\debug_mod_sdk2013ce\weapon_crossbow.obj
c:\users\what\desktop\woodmatch\woodmatch\mp\src\game\server\debug_mod_sdk2013ce\nav_edit.obj
c:\users\what\desktop\woodmatch\woodmatch\mp\src\game\server\debug_mod_sdk2013ce\basetempentity.obj
c:\users\what\desktop\woodmatch\woodmatch\mp\src\game\server\debug_mod_sdk2013ce\spritetrail.obj
c:\users\what\desktop\woodmatch\woodmatch\mp\src\game\server\debug_mod_sdk2013ce\te_beamfollow.obj
c:\users\what\desktop\woodmatch\woodmatch\mp\src\game\server\debug_mod_sdk2013ce\te_effect_dispatch.obj
c:\users\what\desktop\woodmatch\woodmatch\mp\src\game\server\debug_mod_sdk2013ce\te_largefunnel.obj
c:\users\what\desktop\woodmatch\woodmatch\mp\src\game\server\debug_mod_sdk2013ce\toolframework_server.obj
c:\users\what\desktop\woodmatch\woodmatch\mp\src\game\server\debug_mod_sdk2013ce\achievement_saverestore.obj
c:\users\what\desktop\woodmatch\woodmatch\mp\src\game\server\debug_mod_sdk2013ce\ai_basenpc_schedule.obj
c:\users\what\desktop\woodmatch\woodmatch\mp\src\game\server\debug_mod_sdk2013ce\ai_default.obj
c:\users\what\desktop\woodmatch\woodmatch\mp\src\game\server\debug_mod_sdk2013ce\ai_namespaces.obj
c:\users\what\desktop\woodmatch\woodmatch\mp\src\game\server\debug_mod_sdk2013ce\ai_node.obj
c:\users\what\desktop\woodmatch\woodmatch\mp\src\game\server\debug_mod_sdk2013ce\ai_senses.obj
c:\users\what\desktop\woodmatch\woodmatch\mp\src\game\server\debug_mod_sdk2013ce\ai_waypoint.obj
c:\users\what\desktop\woodmatch\woodmatch\mp\src\game\server\debug_mod_sdk2013ce\baseanimatingoverlay.obj
c:\users\what\desktop\woodmatch\woodmatch\mp\src\game\server\debug_mod_sdk2013ce\baseplayer_shared.obj
c:\users\what\desktop\woodmatch\woodmatch\mp\src\game\server\debug_mod_sdk2013ce\effectsserver.obj
c:\users\what\desktop\woodmatch\woodmatch\mp\src\game\server\debug_mod_sdk2013ce\entityparticletrail_shared.obj
c:\users\what\desktop\woodmatch\woodmatch\mp\src\game\server\debug_mod_sdk2013ce\env_projectedtexture.obj
c:\users\what\desktop\woodmatch\woodmatch\mp\src\game\server\debug_mod_sdk2013ce\envhudhint.obj
c:\users\what\desktop\woodmatch\woodmatch\mp\src\game\server\debug_mod_sdk2013ce\eventlog.obj
c:\users\what\desktop\woodmatch\woodmatch\mp\src\game\server\debug_mod_sdk2013ce\func_areaportalwindow.obj
c:\users\what\desktop\woodmatch\woodmatch\mp\src\game\server\debug_mod_sdk2013ce\func_lod.obj
c:\users\what\desktop\woodmatch\woodmatch\mp\src\game\server\debug_mod_sdk2013ce\gameinterface.obj
c:\users\what\desktop\woodmatch\woodmatch\mp\src\game\server\debug_mod_sdk2013ce\physics_cannister.obj
c:\users\what\desktop\woodmatch\woodmatch\mp\src\game\server\debug_mod_sdk2013ce\player_lagcompensation.obj
c:\users\what\desktop\woodmatch\woodmatch\mp\src\game\server\debug_mod_sdk2013ce\point_devshot_camera.obj
c:\users\what\desktop\woodmatch\woodmatch\mp\src\game\server\debug_mod_sdk2013ce\precache_register.obj
c:\users\what\desktop\woodmatch\woodmatch\mp\src\game\server\debug_mod_sdk2013ce\rope_helpers.obj
c:\users\what\desktop\woodmatch\woodmatch\mp\src\game\server\debug_mod_sdk2013ce\sceneentity_shared.obj
c:\users\what\desktop\woodmatch\woodmatch\mp\src\game\server\debug_mod_sdk2013ce\serverbenchmark_base.obj
c:\users\what\desktop\woodmatch\woodmatch\mp\src\game\server\debug_mod_sdk2013ce\soundent.obj
c:\users\what\desktop\woodmatch\woodmatch\mp\src\game\server\debug_mod_sdk2013ce\sun.obj
c:\users\what\desktop\woodmatch\woodmatch\mp\src\game\server\debug_mod_sdk2013ce\team_train_watcher.obj
c:\users\what\desktop\woodmatch\woodmatch\mp\src\game\server\debug_mod_sdk2013ce\vehicle_viewblend_shared.obj
c:\users\what\desktop\woodmatch\woodmatch\mp\src\game\server\debug_mod_sdk2013ce\weapon_proficiency.obj
c:\users\what\desktop\woodmatch\woodmatch\mp\src\game\server\debug_mod_sdk2013ce\ai_spotlight.obj
c:\users\what\desktop\woodmatch\woodmatch\mp\src\game\server\debug_mod_sdk2013ce\cbasespriteprojectile.obj
c:\users\what\desktop\woodmatch\woodmatch\mp\src\game\server\debug_mod_sdk2013ce\env_speaker.obj
c:\users\what\desktop\woodmatch\woodmatch\mp\src\game\server\debug_mod_sdk2013ce\hl2_eventlog.obj
c:\users\what\desktop\woodmatch\woodmatch\mp\src\game\server\debug_mod_sdk2013ce\hl2_usermessages.obj
c:\users\what\desktop\woodmatch\woodmatch\mp\src\game\server\debug_mod_sdk2013ce\info_teleporter_countdown.obj
c:\users\what\desktop\woodmatch\woodmatch\mp\src\game\server\debug_mod_sdk2013ce\item_itemcrate.obj
c:\users\what\desktop\woodmatch\woodmatch\mp\src\game\server\debug_mod_sdk2013ce\npc_barney.obj
c:\users\what\desktop\woodmatch\woodmatch\mp\src\game\server\debug_mod_sdk2013ce\npc_fisherman.obj
c:\users\what\desktop\woodmatch\woodmatch\mp\src\game\server\debug_mod_sdk2013ce\npc_stalker.obj
c:\users\what\desktop\woodmatch\woodmatch\mp\src\game\server\debug_mod_sdk2013ce\script_intro_shared.obj
c:\users\what\desktop\woodmatch\woodmatch\mp\src\game\server\debug_mod_sdk2013ce\weapon_bugbait.obj
c:\users\what\desktop\woodmatch\woodmatch\mp\src\game\server\debug_mod_sdk2013ce\weapon_ar2.obj
c:\users\what\desktop\woodmatch\woodmatch\mp\src\game\server\debug_mod_sdk2013ce\weapon_slam.obj
c:\users\what\desktop\woodmatch\woodmatch\mp\src\game\server\debug_mod_sdk2013ce\nav_mesh_factory.obj
c:\users\what\desktop\woodmatch\woodmatch\mp\src\game\server\debug_mod_sdk2013ce\smoke_trail.obj
c:\users\what\desktop\woodmatch\woodmatch\mp\src\game\server\debug_mod_sdk2013ce\te_beamring.obj
c:\users\what\desktop\woodmatch\woodmatch\mp\src\game\server\debug_mod_sdk2013ce\te_dynamiclight.obj
c:\users\what\desktop\woodmatch\woodmatch\mp\src\game\server\debug_mod_sdk2013ce\te_playerdecal.obj
c:\users\what\desktop\woodmatch\woodmatch\mp\src\game\server\debug_mod_sdk2013ce\gamedll_replay.obj
c:\users\what\desktop\woodmatch\woodmatch\mp\src\game\server\debug_mod_sdk2013ce\ai_basenpc_physicsflyer.obj
c:\users\what\desktop\woodmatch\woodmatch\mp\src\game\server\debug_mod_sdk2013ce\ai_behavior_rappel.obj
c:\users\what\desktop\woodmatch\woodmatch\mp\src\game\server\debug_mod_sdk2013ce\ai_hint.obj
c:\users\what\desktop\woodmatch\woodmatch\mp\src\game\server\debug_mod_sdk2013ce\ai_planesolver.obj
c:\users\what\desktop\woodmatch\woodmatch\mp\src\game\server\debug_mod_sdk2013ce\ai_squad.obj
c:\users\what\desktop\woodmatch\woodmatch\mp\src\game\server\debug_mod_sdk2013ce\basecombatcharacter.obj
c:\users\what\desktop\woodmatch\woodmatch\mp\src\game\server\debug_mod_sdk2013ce\decals.obj
c:\users\what\desktop\woodmatch\woodmatch\mp\src\game\server\debug_mod_sdk2013ce\entityparticletrail.obj
c:\users\what\desktop\woodmatch\woodmatch\mp\src\game\server\debug_mod_sdk2013ce\env_entity_maker.obj
c:\users\what\desktop\woodmatch\woodmatch\mp\src\game\server\debug_mod_sdk2013ce\envfade.obj
c:\users\what\desktop\woodmatch\woodmatch\mp\src\game\server\debug_mod_sdk2013ce\filters.obj
c:\users\what\desktop\woodmatch\woodmatch\mp\src\game\server\debug_mod_sdk2013ce\gamerules.obj
c:\users\what\desktop\woodmatch\woodmatch\mp\src\game\server\debug_mod_sdk2013ce\info_overlay_accessor.obj
c:\users\what\desktop\woodmatch\woodmatch\mp\src\game\server\debug_mod_sdk2013ce\logic_measure_movement.obj
c:\users\what\desktop\woodmatch\woodmatch\mp\src\game\server\debug_mod_sdk2013ce\message_entity.obj
c:\users\what\desktop\woodmatch\woodmatch\mp\src\game\server\debug_mod_sdk2013ce\npc_vehicledriver.obj
c:\users\what\desktop\woodmatch\woodmatch\mp\src\game\server\debug_mod_sdk2013ce\player_pickup.obj
c:\users\what\desktop\woodmatch\woodmatch\mp\src\game\server\debug_mod_sdk2013ce\point_playermoveconstraint.obj
c:\users\what\desktop\woodmatch\woodmatch\mp\src\game\server\debug_mod_sdk2013ce\predicted_viewmodel.obj
c:\users\what\desktop\woodmatch\woodmatch\mp\src\game\server\debug_mod_sdk2013ce\saverestore_gamedll.obj
c:\users\what\desktop\woodmatch\woodmatch\mp\src\game\server\debug_mod_sdk2013ce\scratchpad_gamedll_helpers.obj
c:\users\what\desktop\woodmatch\woodmatch\mp\src\game\server\debug_mod_sdk2013ce\servernetworkproperty.obj
c:\users\what\desktop\woodmatch\woodmatch\mp\src\game\server\debug_mod_sdk2013ce\sound.obj
c:\users\what\desktop\woodmatch\woodmatch\mp\src\game\server\debug_mod_sdk2013ce\studio_shared.obj
c:\users\what\desktop\woodmatch\woodmatch\mp\src\game\server\debug_mod_sdk2013ce\team.obj
c:\users\what\desktop\woodmatch\woodmatch\mp\src\game\server\debug_mod_sdk2013ce\tempmonster.obj
c:\users\what\desktop\woodmatch\woodmatch\mp\src\game\server\debug_mod_sdk2013ce\test_proxytoggle.obj
c:\users\what\desktop\woodmatch\woodmatch\mp\src\game\server\debug_mod_sdk2013ce\usercmd.obj
c:\users\what\desktop\woodmatch\woodmatch\mp\src\game\server\debug_mod_sdk2013ce\waterbullet.obj
c:\users\what\desktop\woodmatch\woodmatch\mp\src\game\server\debug_mod_sdk2013ce\world.obj
c:\users\what\desktop\woodmatch\woodmatch\mp\src\game\server\debug_mod_sdk2013ce\ar2_explosion.obj
c:\users\what\desktop\woodmatch\woodmatch\mp\src\game\server\debug_mod_sdk2013ce\cbasehelicopter.obj
c:\users\what\desktop\woodmatch\woodmatch\mp\src\game\server\debug_mod_sdk2013ce\item_ammo.obj
c:\users\what\desktop\woodmatch\woodmatch\mp\src\game\server\debug_mod_sdk2013ce\item_suit.obj
c:\users\what\desktop\woodmatch\woodmatch\mp\src\game\server\debug_mod_sdk2013ce\npc_barnacle.obj
c:\users\what\desktop\woodmatch\woodmatch\mp\src\game\server\debug_mod_sdk2013ce\npc_combinedropship.obj
c:\users\what\desktop\woodmatch\woodmatch\mp\src\game\server\debug_mod_sdk2013ce\npc_monk.obj
c:\users\what\desktop\woodmatch\woodmatch\mp\src\game\server\debug_mod_sdk2013ce\npc_vortigaunt_episodic.obj
c:\users\what\desktop\woodmatch\woodmatch\mp\src\game\server\debug_mod_sdk2013ce\hl2mp_gameinterface.obj
c:\users\what\desktop\woodmatch\woodmatch\mp\src\game\server\debug_mod_sdk2013ce\grenade_satchel.obj
c:\users\what\desktop\woodmatch\woodmatch\mp\src\game\server\debug_mod_sdk2013ce\weapon_physcannon.obj
c:\users\what\desktop\woodmatch\woodmatch\mp\src\game\server\debug_mod_sdk2013ce\event_tempentity_tester.obj
c:\users\what\desktop\woodmatch\woodmatch\mp\src\game\server\debug_mod_sdk2013ce\smokestack.obj
c:\users\what\desktop\woodmatch\woodmatch\mp\src\game\server\debug_mod_sdk2013ce\te_beamringpoint.obj
c:\users\what\desktop\woodmatch\woodmatch\mp\src\game\server\debug_mod_sdk2013ce\te_energysplash.obj
c:\users\what\desktop\woodmatch\woodmatch\mp\src\game\server\debug_mod_sdk2013ce\te_impact.obj
c:\users\what\desktop\woodmatch\woodmatch\mp\src\game\server\debug_mod_sdk2013ce\te_sprite.obj
c:\users\what\desktop\woodmatch\woodmatch\mp\src\game\server\debug_mod_sdk2013ce\activitylist.obj
c:\users\what\desktop\woodmatch\woodmatch\mp\src\game\server\debug_mod_sdk2013ce\ai_basenpc_squad.obj
c:\users\what\desktop\woodmatch\woodmatch\mp\src\game\server\debug_mod_sdk2013ce\ai_criteria.obj
c:\users\what\desktop\woodmatch\woodmatch\mp\src\game\server\debug_mod_sdk2013ce\ai_goalentity.obj
c:\users\what\desktop\woodmatch\woodmatch\mp\src\game\server\debug_mod_sdk2013ce\ai_network.obj
c:\users\what\desktop\woodmatch\woodmatch\mp\src\game\server\debug_mod_sdk2013ce\ai_scriptconditions.obj
c:\users\what\desktop\woodmatch\woodmatch\mp\src\game\server\debug_mod_sdk2013ce\ai_utils.obj
c:\users\what\desktop\woodmatch\woodmatch\mp\src\game\server\debug_mod_sdk2013ce\basegrenade_contact.obj
c:\users\what\desktop\woodmatch\woodmatch\mp\src\game\server\debug_mod_sdk2013ce\baseparticleentity.obj
c:\users\what\desktop\woodmatch\woodmatch\mp\src\game\server\debug_mod_sdk2013ce\baseviewmodel_shared.obj
c:\users\what\desktop\woodmatch\woodmatch\mp\src\game\server\debug_mod_sdk2013ce\cbase.obj
c:\users\what\desktop\woodmatch\woodmatch\mp\src\game\server\debug_mod_sdk2013ce\debugoverlay_shared.obj
c:\users\what\desktop\woodmatch\woodmatch\mp\src\game\server\debug_mod_sdk2013ce\entityflame.obj
c:\users\what\desktop\woodmatch\woodmatch\mp\src\game\server\debug_mod_sdk2013ce\envspark.obj
c:\users\what\desktop\woodmatch\woodmatch\mp\src\game\server\debug_mod_sdk2013ce\fourwheelvehiclephysics.obj
c:\users\what\desktop\woodmatch\woodmatch\mp\src\game\server\debug_mod_sdk2013ce\gamemovement.obj
c:\users\what\desktop\woodmatch\woodmatch\mp\src\game\server\debug_mod_sdk2013ce\h_cycler.obj
c:\users\what\desktop\woodmatch\woodmatch\mp\src\game\server\debug_mod_sdk2013ce\modelentities.obj
c:\users\what\desktop\woodmatch\woodmatch\mp\src\game\server\debug_mod_sdk2013ce\multiplay_gamerules.obj
c:\users\what\desktop\woodmatch\woodmatch\mp\src\game\server\debug_mod_sdk2013ce\physics_npc_solver.obj
c:\users\what\desktop\woodmatch\woodmatch\mp\src\game\server\debug_mod_sdk2013ce\player_resource.obj
c:\users\what\desktop\woodmatch\woodmatch\mp\src\game\server\debug_mod_sdk2013ce\point_template.obj
c:\users\what\desktop\woodmatch\woodmatch\mp\src\game\server\debug_mod_sdk2013ce\ragdollboogie.obj
c:\users\what\desktop\woodmatch\woodmatch\mp\src\game\server\debug_mod_sdk2013ce\sceneentity.obj
c:\users\what\desktop\woodmatch\woodmatch\mp\src\game\server\debug_mod_sdk2013ce\test_ehandle.obj
c:\users\what\desktop\woodmatch\woodmatch\mp\src\game\server\debug_mod_sdk2013ce\trigger_area_capture.obj
c:\users\what\desktop\woodmatch\woodmatch\mp\src\game\server\debug_mod_sdk2013ce\weight_button.obj
c:\users\what\desktop\woodmatch\woodmatch\mp\src\game\server\debug_mod_sdk2013ce\ai_behavior_police.obj
c:\users\what\desktop\woodmatch\woodmatch\mp\src\game\server\debug_mod_sdk2013ce\grenade_bugbait.obj
c:\users\what\desktop\woodmatch\woodmatch\mp\src\game\server\debug_mod_sdk2013ce\npc_basescanner.obj
c:\users\what\desktop\woodmatch\woodmatch\mp\src\game\server\debug_mod_sdk2013ce\npc_combinecamera.obj
c:\users\what\desktop\woodmatch\woodmatch\mp\src\game\server\debug_mod_sdk2013ce\npc_gman.obj
c:\users\what\desktop\woodmatch\woodmatch\mp\src\game\server\debug_mod_sdk2013ce\npc_scanner.obj
c:\users\what\desktop\woodmatch\woodmatch\mp\src\game\server\debug_mod_sdk2013ce\grenade_beam.obj
c:\users\what\desktop\woodmatch\woodmatch\mp\src\game\server\debug_mod_sdk2013ce\vehicle_apc.obj
c:\users\what\desktop\woodmatch\woodmatch\mp\src\game\server\debug_mod_sdk2013ce\weapon_shotgun.obj
c:\users\what\desktop\woodmatch\woodmatch\mp\src\game\server\debug_mod_sdk2013ce\nav_merge.obj
c:\users\what\desktop\woodmatch\woodmatch\mp\src\game\server\debug_mod_sdk2013ce\plasma.obj
c:\users\what\desktop\woodmatch\woodmatch\mp\src\game\server\debug_mod_sdk2013ce\te_beaments.obj
c:\users\what\desktop\woodmatch\woodmatch\mp\src\game\server\debug_mod_sdk2013ce\te_bubbles.obj
c:\users\what\desktop\woodmatch\woodmatch\mp\src\game\server\debug_mod_sdk2013ce\te_glowsprite.obj
c:\users\what\desktop\woodmatch\woodmatch\mp\src\game\server\debug_mod_sdk2013ce\te_spritespray.obj
c:\users\what\desktop\woodmatch\woodmatch\mp\src\game\server\debug_mod_sdk2013ce\server.pch
c:\users\what\desktop\woodmatch\woodmatch\mp\src\game\server\debug_mod_sdk2013ce\vc143.pdb
c:\users\what\desktop\woodmatch\woodmatch\mp\src\game\server\debug_mod_sdk2013ce\vc143.idb
c:\users\what\desktop\woodmatch\woodmatch\mp\src\game\server\debug_mod_sdk2013ce\stdafx.obj
c:\users\what\desktop\woodmatch\woodmatch\mp\src\game\server\debug_mod_sdk2013ce\physgun.obj
c:\users\what\desktop\woodmatch\woodmatch\mp\src\game\server\debug_mod_sdk2013ce\bone_setup.obj
c:\users\what\desktop\woodmatch\woodmatch\mp\src\game\server\debug_mod_sdk2013ce\gamestats_basicstatsfunctions.obj
c:\users\what\desktop\woodmatch\woodmatch\mp\src\game\server\debug_mod_sdk2013ce\dt_utlvector_common.obj
c:\users\what\desktop\woodmatch\woodmatch\mp\src\game\server\debug_mod_sdk2013ce\server_class.obj
c:\users\what\desktop\woodmatch\woodmatch\mp\src\game\server\debug_mod_sdk2013ce\init_factory.obj
c:\users\what\desktop\woodmatch\woodmatch\mp\src\game\server\debug_mod_sdk2013ce\collisionutils.obj
c:\users\what\desktop\woodmatch\woodmatch\mp\src\game\server\debug_mod_sdk2013ce\stringregistry.obj
c:\users\what\desktop\woodmatch\woodmatch\mp\src\game\server\debug_mod_sdk2013ce\randoverride.obj
c:\users\what\desktop\woodmatch\woodmatch\mp\src\game\server\debug_mod_sdk2013ce\keyframe.obj
c:\users\what\desktop\woodmatch\woodmatch\mp\src\game\server\debug_mod_sdk2013ce\gamehandle.obj
c:\users\what\desktop\woodmatch\woodmatch\mp\src\game\server\debug_mod_sdk2013ce\sheetsimulator.obj
c:\users\what\desktop\woodmatch\woodmatch\mp\src\game\server\debug_mod_sdk2013ce\studio.obj
c:\users\what\desktop\woodmatch\woodmatch\mp\src\game\server\debug_mod_sdk2013ce\scratchpadutils.obj
c:\users\what\desktop\woodmatch\woodmatch\mp\src\game\server\debug_mod_sdk2013ce\networkvar.obj
c:\users\what\desktop\woodmatch\woodmatch\mp\src\game\server\debug_mod_sdk2013ce\simple_physics.obj
c:\users\what\desktop\woodmatch\woodmatch\mp\src\game\server\debug_mod_sdk2013ce\dt_send.obj
c:\users\what\desktop\woodmatch\woodmatch\mp\src\game\server\debug_mod_sdk2013ce\scratchpad3d.obj
c:\users\what\desktop\woodmatch\woodmatch\mp\src\game\server\debug_mod_sdk2013ce\filesystem_helpers.obj
c:\users\what\desktop\woodmatch\woodmatch\mp\src\game\server\debug_mod_sdk2013ce\rope_physics.obj
c:\users\what\desktop\woodmatch\woodmatch\mp\src\game\server\debug_mod_sdk2013ce\dt_utlvector_send.obj
c:\users\what\desktop\woodmatch\woodmatch\mp\src\game\server\debug_mod_sdk2013ce\registry.obj
c:\users\what\desktop\woodmatch\woodmatch\mp\src\game\server\debug_mod_sdk2013ce\interval.obj
c:\users\what\desktop\woodmatch\woodmatch\mp\src\game\server\debug_mod_sdk2013ce\map_utils.obj
c:\users\what\desktop\woodmatch\woodmatch\mp\src\game\server\debug_mod_sdk2013ce\h_export.obj
c:\users\what\desktop\woodmatch\woodmatch\mp\src\game\server\debug_mod_sdk2013ce\language.obj
c:\users\what\desktop\woodmatch\woodmatch\mp\src\game\server\debug_mod_sdk2013ce\interpolatortypes.obj
c:\users\what\desktop\woodmatch\woodmatch\mp\src\game\server\debug_mod_sdk2013ce\memoverride.obj
c:\users\what\desktop\woodmatch\woodmatch\mp\src\game\server\debug_mod_sdk2013ce\editor_sendcommand.obj
c:\users\what\desktop\woodmatch\woodmatch\mp\src\game\server\debug_mod_sdk2013ce\pointeroverride.obj
c:\users\what\desktop\woodmatch\woodmatch\mp\src\game\server\server_sdk2013ce.vpc.sentinel
c:\users\what\desktop\woodmatch\woodmatch\mp\src\game\server\debug_mod_sdk2013ce\server.lib
c:\users\what\desktop\woodmatch\woodmatch\mp\src\game\server\debug_mod_sdk2013ce\server.exp
c:\users\what\desktop\woodmatch\woodmatch\mp\src\game\server\debug_mod_sdk2013ce\server.dll
c:\users\what\desktop\woodmatch\woodmatch\mp\src\game\server\debug_mod_sdk2013ce\server.ilk
c:\users\what\desktop\woodmatch\woodmatch\mp\src\game\server\debug_mod_sdk2013ce\server.pdb
c:\users\what\desktop\woodmatch\woodmatch\mp\src\game\server\debug_mod_sdk2013ce\vc120.pdb
c:\users\what\desktop\woodmatch\woodmatch\mp\src\game\server\debug_mod_sdk2013ce\server.tlog\cl.command.1.tlog
c:\users\what\desktop\woodmatch\woodmatch\mp\src\game\server\debug_mod_sdk2013ce\server.tlog\cl.items.tlog
c:\users\what\desktop\woodmatch\woodmatch\mp\src\game\server\debug_mod_sdk2013ce\server.tlog\cl.read.1.tlog
c:\users\what\desktop\woodmatch\woodmatch\mp\src\game\server\debug_mod_sdk2013ce\server.tlog\cl.write.1.tlog
c:\users\what\desktop\woodmatch\woodmatch\mp\src\game\server\debug_mod_sdk2013ce\server.tlog\custombuild.command.1.tlog
c:\users\what\desktop\woodmatch\woodmatch\mp\src\game\server\debug_mod_sdk2013ce\server.tlog\custombuild.read.1.tlog
c:\users\what\desktop\woodmatch\woodmatch\mp\src\game\server\debug_mod_sdk2013ce\server.tlog\custombuild.write.1.tlog
c:\users\what\desktop\woodmatch\woodmatch\mp\src\game\server\debug_mod_sdk2013ce\server.tlog\link.command.1.tlog
c:\users\what\desktop\woodmatch\woodmatch\mp\src\game\server\debug_mod_sdk2013ce\server.tlog\link.read.1.tlog
c:\users\what\desktop\woodmatch\woodmatch\mp\src\game\server\debug_mod_sdk2013ce\server.tlog\link.write.1.tlog
c:\users\what\desktop\woodmatch\woodmatch\mp\src\game\server\debug_mod_sdk2013ce\server.tlog\link.write.2u.tlog
