c:\users\what\desktop\woodmatch\woodmatch\mp\src\game\client\debug_mod_sdk2013ce\activitylist.obj
c:\users\what\desktop\woodmatch\woodmatch\mp\src\game\client\debug_mod_sdk2013ce\baseplayer_shared.obj
c:\users\what\desktop\woodmatch\woodmatch\mp\src\game\client\debug_mod_sdk2013ce\c_baseviewmodel.obj
c:\users\what\desktop\woodmatch\woodmatch\mp\src\game\client\debug_mod_sdk2013ce\c_entityparticletrail.obj
c:\users\what\desktop\woodmatch\woodmatch\mp\src\game\client\debug_mod_sdk2013ce\c_fire_smoke.obj
c:\users\what\desktop\woodmatch\woodmatch\mp\src\game\client\debug_mod_sdk2013ce\c_lightglow.obj
c:\users\what\desktop\woodmatch\woodmatch\mp\src\game\client\debug_mod_sdk2013ce\c_playerresource.obj
c:\users\what\desktop\woodmatch\woodmatch\mp\src\game\client\debug_mod_sdk2013ce\c_sprite.obj
c:\users\what\desktop\woodmatch\woodmatch\mp\src\game\client\debug_mod_sdk2013ce\c_world.obj
c:\users\what\desktop\woodmatch\woodmatch\mp\src\game\client\debug_mod_sdk2013ce\clienteffectprecachesystem.obj
c:\users\what\desktop\woodmatch\woodmatch\mp\src\game\client\debug_mod_sdk2013ce\clientsideeffects.obj
c:\users\what\desktop\woodmatch\woodmatch\mp\src\game\client\debug_mod_sdk2013ce\commentary_modelviewer.obj
c:\users\what\desktop\woodmatch\woodmatch\mp\src\game\client\debug_mod_sdk2013ce\gamestats.obj
c:\users\what\desktop\woodmatch\woodmatch\mp\src\game\client\debug_mod_sdk2013ce\hud_hdrdemo.obj
c:\users\what\desktop\woodmatch\woodmatch\mp\src\game\client\debug_mod_sdk2013ce\igamesystem.obj
c:\users\what\desktop\woodmatch\woodmatch\mp\src\game\client\debug_mod_sdk2013ce\interpolatedvar.obj
c:\users\what\desktop\woodmatch\woodmatch\mp\src\game\client\debug_mod_sdk2013ce\movevars_shared.obj
c:\users\what\desktop\woodmatch\woodmatch\mp\src\game\client\debug_mod_sdk2013ce\particle_property.obj
c:\users\what\desktop\woodmatch\woodmatch\mp\src\game\client\debug_mod_sdk2013ce\physics_main_client.obj
c:\users\what\desktop\woodmatch\woodmatch\mp\src\game\client\debug_mod_sdk2013ce\predictableid.obj
c:\users\what\desktop\woodmatch\woodmatch\mp\src\game\client\debug_mod_sdk2013ce\ragdoll.obj
c:\users\what\desktop\woodmatch\woodmatch\mp\src\game\client\debug_mod_sdk2013ce\spritetrail.obj
c:\users\what\desktop\woodmatch\woodmatch\mp\src\game\client\debug_mod_sdk2013ce\train.obj
c:\users\what\desktop\woodmatch\woodmatch\mp\src\game\client\debug_mod_sdk2013ce\vgui_grid.obj
c:\users\what\desktop\woodmatch\woodmatch\mp\src\game\client\debug_mod_sdk2013ce\view_effects.obj
c:\users\what\desktop\woodmatch\woodmatch\mp\src\game\client\debug_mod_sdk2013ce\waterlodmaterialproxy.obj
c:\users\what\desktop\woodmatch\woodmatch\mp\src\game\client\debug_mod_sdk2013ce\clientscoreboarddialog.obj
c:\users\what\desktop\woodmatch\woodmatch\mp\src\game\client\debug_mod_sdk2013ce\c_basehlplayer.obj
c:\users\what\desktop\woodmatch\woodmatch\mp\src\game\client\debug_mod_sdk2013ce\c_info_teleporter_countdown.obj
c:\users\what\desktop\woodmatch\woodmatch\mp\src\game\client\debug_mod_sdk2013ce\hud_flashlight.obj
c:\users\what\desktop\woodmatch\woodmatch\mp\src\game\client\debug_mod_sdk2013ce\c_hl2mp_player.obj
c:\users\what\desktop\woodmatch\woodmatch\mp\src\game\client\debug_mod_sdk2013ce\weapon_ar2.obj
c:\users\what\desktop\woodmatch\woodmatch\mp\src\game\client\debug_mod_sdk2013ce\weapon_hl2mpbasehlmpcombatweapon.obj
c:\users\what\desktop\woodmatch\woodmatch\mp\src\game\client\debug_mod_sdk2013ce\in_sixense.obj
c:\users\what\desktop\woodmatch\woodmatch\mp\src\game\client\debug_mod_sdk2013ce\sixense_convars.obj
c:\users\what\desktop\woodmatch\woodmatch\mp\src\game\client\debug_mod_sdk2013ce\c_prop_vehicle.obj
c:\users\what\desktop\woodmatch\woodmatch\mp\src\game\client\debug_mod_sdk2013ce\c_te_clientprojectile.obj
c:\users\what\desktop\woodmatch\woodmatch\mp\src\game\client\debug_mod_sdk2013ce\c_te_largefunnel.obj
c:\users\what\desktop\woodmatch\woodmatch\mp\src\game\client\debug_mod_sdk2013ce\c_te_sparks.obj
c:\users\what\desktop\woodmatch\woodmatch\mp\src\game\client\debug_mod_sdk2013ce\particlesphererenderer.obj
c:\users\what\desktop\woodmatch\woodmatch\mp\src\game\client\debug_mod_sdk2013ce\cdll_replay.obj
c:\users\what\desktop\woodmatch\woodmatch\mp\src\game\client\debug_mod_sdk2013ce\baseachievement.obj
c:\users\what\desktop\woodmatch\woodmatch\mp\src\game\client\debug_mod_sdk2013ce\c_dynamiclight.obj
c:\users\what\desktop\woodmatch\woodmatch\mp\src\game\client\debug_mod_sdk2013ce\c_env_tonemap_controller.obj
c:\users\what\desktop\woodmatch\woodmatch\mp\src\game\client\debug_mod_sdk2013ce\c_func_dust.obj
c:\users\what\desktop\woodmatch\woodmatch\mp\src\game\client\debug_mod_sdk2013ce\c_particle_system.obj
c:\users\what\desktop\woodmatch\woodmatch\mp\src\game\client\debug_mod_sdk2013ce\c_slideshow_display.obj
c:\users\what\desktop\woodmatch\woodmatch\mp\src\game\client\debug_mod_sdk2013ce\c_vehicle_choreo_generic.obj
c:\users\what\desktop\woodmatch\woodmatch\mp\src\game\client\debug_mod_sdk2013ce\client_virtualreality.obj
c:\users\what\desktop\woodmatch\woodmatch\mp\src\game\client\debug_mod_sdk2013ce\effectsclient.obj
c:\users\what\desktop\woodmatch\woodmatch\mp\src\game\client\debug_mod_sdk2013ce\env_detail_controller.obj
c:\users\what\desktop\woodmatch\woodmatch\mp\src\game\client\debug_mod_sdk2013ce\fx_blood.obj
c:\users\what\desktop\woodmatch\woodmatch\mp\src\game\client\debug_mod_sdk2013ce\gamestringpool.obj
c:\users\what\desktop\woodmatch\woodmatch\mp\src\game\client\debug_mod_sdk2013ce\hintsystem.obj
c:\users\what\desktop\woodmatch\woodmatch\mp\src\game\client\debug_mod_sdk2013ce\hud_basechat.obj
c:\users\what\desktop\woodmatch\woodmatch\mp\src\game\client\debug_mod_sdk2013ce\in_camera.obj
c:\users\what\desktop\woodmatch\woodmatch\mp\src\game\client\debug_mod_sdk2013ce\menu.obj
c:\users\what\desktop\woodmatch\woodmatch\mp\src\game\client\debug_mod_sdk2013ce\particlesystemquery.obj
c:\users\what\desktop\woodmatch\woodmatch\mp\src\game\client\debug_mod_sdk2013ce\point_bonusmaps_accessor.obj
c:\users\what\desktop\woodmatch\woodmatch\mp\src\game\client\debug_mod_sdk2013ce\ragdoll_shared.obj
c:\users\what\desktop\woodmatch\woodmatch\mp\src\game\client\debug_mod_sdk2013ce\studio_shared.obj
c:\users\what\desktop\woodmatch\woodmatch\mp\src\game\client\debug_mod_sdk2013ce\teamplayroundbased_gamerules.obj
c:\users\what\desktop\woodmatch\woodmatch\mp\src\game\client\debug_mod_sdk2013ce\vgui_int.obj
c:\users\what\desktop\woodmatch\woodmatch\mp\src\game\client\debug_mod_sdk2013ce\viewdebug.obj
c:\users\what\desktop\woodmatch\woodmatch\mp\src\game\client\debug_mod_sdk2013ce\basemodelpanel.obj
c:\users\what\desktop\woodmatch\woodmatch\mp\src\game\client\debug_mod_sdk2013ce\c_ar2_explosion.obj
c:\users\what\desktop\woodmatch\woodmatch\mp\src\game\client\debug_mod_sdk2013ce\c_basehlcombatweapon.obj
c:\users\what\desktop\woodmatch\woodmatch\mp\src\game\client\debug_mod_sdk2013ce\c_npc_antlionguard.obj
c:\users\what\desktop\woodmatch\woodmatch\mp\src\game\client\debug_mod_sdk2013ce\c_rotorwash.obj
c:\users\what\desktop\woodmatch\woodmatch\mp\src\game\client\debug_mod_sdk2013ce\c_weapon__stubs_hl2.obj
c:\users\what\desktop\woodmatch\woodmatch\mp\src\game\client\debug_mod_sdk2013ce\hud_battery.obj
c:\users\what\desktop\woodmatch\woodmatch\mp\src\game\client\debug_mod_sdk2013ce\hud_zoom.obj
c:\users\what\desktop\woodmatch\woodmatch\mp\src\game\client\debug_mod_sdk2013ce\weapon_357.obj
c:\users\what\desktop\woodmatch\woodmatch\mp\src\game\client\debug_mod_sdk2013ce\weapon_frag.obj
c:\users\what\desktop\woodmatch\woodmatch\mp\src\game\client\debug_mod_sdk2013ce\weapon_pistol.obj
c:\users\what\desktop\woodmatch\woodmatch\mp\src\game\client\debug_mod_sdk2013ce\c_impact_effects.obj
c:\users\what\desktop\woodmatch\woodmatch\mp\src\game\client\debug_mod_sdk2013ce\c_te_breakmodel.obj
c:\users\what\desktop\woodmatch\woodmatch\mp\src\game\client\debug_mod_sdk2013ce\c_te_impact.obj
c:\users\what\desktop\woodmatch\woodmatch\mp\src\game\client\debug_mod_sdk2013ce\c_te_smoke.obj
c:\users\what\desktop\woodmatch\woodmatch\mp\src\game\client\debug_mod_sdk2013ce\fx_line.obj
c:\users\what\desktop\woodmatch\woodmatch\mp\src\game\client\debug_mod_sdk2013ce\achievement_notification_panel.obj
c:\users\what\desktop\woodmatch\woodmatch\mp\src\game\client\debug_mod_sdk2013ce\c_basecombatcharacter.obj
c:\users\what\desktop\woodmatch\woodmatch\mp\src\game\client\debug_mod_sdk2013ce\c_colorcorrection.obj
c:\users\what\desktop\woodmatch\woodmatch\mp\src\game\client\debug_mod_sdk2013ce\c_env_particlescript.obj
c:\users\what\desktop\woodmatch\woodmatch\mp\src\game\client\debug_mod_sdk2013ce\c_func_areaportalwindow.obj
c:\users\what\desktop\woodmatch\woodmatch\mp\src\game\client\debug_mod_sdk2013ce\c_func_reflective_glass.obj
c:\users\what\desktop\woodmatch\woodmatch\mp\src\game\client\debug_mod_sdk2013ce\c_physicsprop.obj
c:\users\what\desktop\woodmatch\woodmatch\mp\src\game\client\debug_mod_sdk2013ce\c_rumble.obj
c:\users\what\desktop\woodmatch\woodmatch\mp\src\game\client\debug_mod_sdk2013ce\c_sun.obj
c:\users\what\desktop\woodmatch\woodmatch\mp\src\game\client\debug_mod_sdk2013ce\c_vehicle_jeep.obj
c:\users\what\desktop\woodmatch\woodmatch\mp\src\game\client\debug_mod_sdk2013ce\cl_mat_stub.obj
c:\users\what\desktop\woodmatch\woodmatch\mp\src\game\client\debug_mod_sdk2013ce\clientleafsystem.obj
c:\users\what\desktop\woodmatch\woodmatch\mp\src\game\client\debug_mod_sdk2013ce\flashlighteffect.obj
c:\users\what\desktop\woodmatch\woodmatch\mp\src\game\client\debug_mod_sdk2013ce\fx_interpvalue.obj
c:\users\what\desktop\woodmatch\woodmatch\mp\src\game\client\debug_mod_sdk2013ce\fx_trail.obj
c:\users\what\desktop\woodmatch\woodmatch\mp\src\game\client\debug_mod_sdk2013ce\haptic_msgs.obj
c:\users\what\desktop\woodmatch\woodmatch\mp\src\game\client\debug_mod_sdk2013ce\hud_closecaption.obj
c:\users\what\desktop\woodmatch\woodmatch\mp\src\game\client\debug_mod_sdk2013ce\in_main.obj
c:\users\what\desktop\woodmatch\woodmatch\mp\src\game\client\debug_mod_sdk2013ce\particles_new.obj
c:\users\what\desktop\woodmatch\woodmatch\mp\src\game\client\debug_mod_sdk2013ce\playerandobjectenumerator.obj
c:\users\what\desktop\woodmatch\woodmatch\mp\src\game\client\debug_mod_sdk2013ce\proxypupil.obj
c:\users\what\desktop\woodmatch\woodmatch\mp\src\game\client\debug_mod_sdk2013ce\sequence_transitioner.obj
c:\users\what\desktop\woodmatch\woodmatch\mp\src\game\client\debug_mod_sdk2013ce\spritemodel.obj
c:\users\what\desktop\woodmatch\woodmatch\mp\src\game\client\debug_mod_sdk2013ce\util_shared.obj
c:\users\what\desktop\woodmatch\woodmatch\mp\src\game\client\debug_mod_sdk2013ce\vgui_game_viewport.obj
c:\users\what\desktop\woodmatch\woodmatch\mp\src\game\client\debug_mod_sdk2013ce\vgui_messagechars.obj
c:\users\what\desktop\woodmatch\woodmatch\mp\src\game\client\debug_mod_sdk2013ce\viewangleanim.obj
c:\users\what\desktop\woodmatch\woodmatch\mp\src\game\client\debug_mod_sdk2013ce\weapon_selection.obj
c:\users\what\desktop\woodmatch\woodmatch\mp\src\game\client\debug_mod_sdk2013ce\navprogress.obj
c:\users\what\desktop\woodmatch\woodmatch\mp\src\game\client\debug_mod_sdk2013ce\c_citadel_effects.obj
c:\users\what\desktop\woodmatch\woodmatch\mp\src\game\client\debug_mod_sdk2013ce\c_env_starfield.obj
c:\users\what\desktop\woodmatch\woodmatch\mp\src\game\client\debug_mod_sdk2013ce\c_te_concussiveexplosion.obj
c:\users\what\desktop\woodmatch\woodmatch\mp\src\game\client\debug_mod_sdk2013ce\fx_antlion.obj
c:\users\what\desktop\woodmatch\woodmatch\mp\src\game\client\debug_mod_sdk2013ce\hl_in_main.obj
c:\users\what\desktop\woodmatch\woodmatch\mp\src\game\client\debug_mod_sdk2013ce\hud_poisondamageindicator.obj
c:\users\what\desktop\woodmatch\woodmatch\mp\src\game\client\debug_mod_sdk2013ce\hl2mp_gamerules.obj
c:\users\what\desktop\woodmatch\woodmatch\mp\src\game\client\debug_mod_sdk2013ce\hud_deathnotice.obj
c:\users\what\desktop\woodmatch\woodmatch\mp\src\game\client\debug_mod_sdk2013ce\c_effects.obj
c:\users\what\desktop\woodmatch\woodmatch\mp\src\game\client\debug_mod_sdk2013ce\c_te_beamlaser.obj
c:\users\what\desktop\woodmatch\woodmatch\mp\src\game\client\debug_mod_sdk2013ce\c_te_bubbletrail.obj
c:\users\what\desktop\woodmatch\woodmatch\mp\src\game\client\debug_mod_sdk2013ce\c_te_fizz.obj
c:\users\what\desktop\woodmatch\woodmatch\mp\src\game\client\debug_mod_sdk2013ce\c_te_showline.obj
c:\users\what\desktop\woodmatch\woodmatch\mp\src\game\client\debug_mod_sdk2013ce\fx_envelope.obj
c:\users\what\desktop\woodmatch\woodmatch\mp\src\game\client\debug_mod_sdk2013ce\achievement_saverestore.obj
c:\users\what\desktop\woodmatch\woodmatch\mp\src\game\client\debug_mod_sdk2013ce\animatespecifictextureproxy.obj
c:\users\what\desktop\woodmatch\woodmatch\mp\src\game\client\debug_mod_sdk2013ce\baseparticleentity.obj
c:\users\what\desktop\woodmatch\woodmatch\mp\src\game\client\debug_mod_sdk2013ce\beam_shared.obj
c:\users\what\desktop\woodmatch\woodmatch\mp\src\game\client\debug_mod_sdk2013ce\c_breakableprop.obj
c:\users\what\desktop\woodmatch\woodmatch\mp\src\game\client\debug_mod_sdk2013ce\c_env_projectedtexture.obj
c:\users\what\desktop\woodmatch\woodmatch\mp\src\game\client\debug_mod_sdk2013ce\c_func_lod.obj
c:\users\what\desktop\woodmatch\woodmatch\mp\src\game\client\debug_mod_sdk2013ce\c_func_rotating.obj
c:\users\what\desktop\woodmatch\woodmatch\mp\src\game\client\debug_mod_sdk2013ce\c_physbox.obj
c:\users\what\desktop\woodmatch\woodmatch\mp\src\game\client\debug_mod_sdk2013ce\c_rope.obj
c:\users\what\desktop\woodmatch\woodmatch\mp\src\game\client\debug_mod_sdk2013ce\camomaterialproxy.obj
c:\users\what\desktop\woodmatch\woodmatch\mp\src\game\client\debug_mod_sdk2013ce\client_factorylist.obj
c:\users\what\desktop\woodmatch\woodmatch\mp\src\game\client\debug_mod_sdk2013ce\clientshadowmgr.obj
c:\users\what\desktop\woodmatch\woodmatch\mp\src\game\client\debug_mod_sdk2013ce\functionproxy.obj
c:\users\what\desktop\woodmatch\woodmatch\mp\src\game\client\debug_mod_sdk2013ce\fx_quad.obj
c:\users\what\desktop\woodmatch\woodmatch\mp\src\game\client\debug_mod_sdk2013ce\gamerules_register.obj
c:\users\what\desktop\woodmatch\woodmatch\mp\src\game\client\debug_mod_sdk2013ce\glow_overlay.obj
c:\users\what\desktop\woodmatch\woodmatch\mp\src\game\client\debug_mod_sdk2013ce\hud_basetimer.obj
c:\users\what\desktop\woodmatch\woodmatch\mp\src\game\client\debug_mod_sdk2013ce\hud_redraw.obj
c:\users\what\desktop\woodmatch\woodmatch\mp\src\game\client\debug_mod_sdk2013ce\lamphaloproxy.obj
c:\users\what\desktop\woodmatch\woodmatch\mp\src\game\client\debug_mod_sdk2013ce\mp_shareddefs.obj
c:\users\what\desktop\woodmatch\woodmatch\mp\src\game\client\debug_mod_sdk2013ce\particle_parse.obj
c:\users\what\desktop\woodmatch\woodmatch\mp\src\game\client\debug_mod_sdk2013ce\physics.obj
c:\users\what\desktop\woodmatch\woodmatch\mp\src\game\client\debug_mod_sdk2013ce\prediction.obj
c:\users\what\desktop\woodmatch\woodmatch\mp\src\game\client\debug_mod_sdk2013ce\teamplay_gamerules.obj
c:\users\what\desktop\woodmatch\woodmatch\mp\src\game\client\debug_mod_sdk2013ce\texturescrollmaterialproxy.obj
c:\users\what\desktop\woodmatch\woodmatch\mp\src\game\client\debug_mod_sdk2013ce\vgui_avatarimage.obj
c:\users\what\desktop\woodmatch\woodmatch\mp\src\game\client\debug_mod_sdk2013ce\view_beams.obj
c:\users\what\desktop\woodmatch\woodmatch\mp\src\game\client\debug_mod_sdk2013ce\warp_overlay.obj
c:\users\what\desktop\woodmatch\woodmatch\mp\src\game\client\debug_mod_sdk2013ce\baseviewport.obj
c:\users\what\desktop\woodmatch\woodmatch\mp\src\game\client\debug_mod_sdk2013ce\c_npc_manhack.obj
c:\users\what\desktop\woodmatch\woodmatch\mp\src\game\client\debug_mod_sdk2013ce\c_thumper_dust.obj
c:\users\what\desktop\woodmatch\woodmatch\mp\src\game\client\debug_mod_sdk2013ce\fx_bugbait.obj
c:\users\what\desktop\woodmatch\woodmatch\mp\src\game\client\debug_mod_sdk2013ce\hl2_gamerules.obj
c:\users\what\desktop\woodmatch\woodmatch\mp\src\game\client\debug_mod_sdk2013ce\hud_quickinfo.obj
c:\users\what\desktop\woodmatch\woodmatch\mp\src\game\client\debug_mod_sdk2013ce\clientmode_hl2mpnormal.obj
c:\users\what\desktop\woodmatch\woodmatch\mp\src\game\client\debug_mod_sdk2013ce\weapon_stunstick.obj
c:\users\what\desktop\woodmatch\woodmatch\mp\src\game\client\debug_mod_sdk2013ce\c_te_armorricochet.obj
c:\users\what\desktop\woodmatch\woodmatch\mp\src\game\client\debug_mod_sdk2013ce\c_te_beamspline.obj
c:\users\what\desktop\woodmatch\woodmatch\mp\src\game\client\debug_mod_sdk2013ce\c_te_dynamiclight.obj
c:\users\what\desktop\woodmatch\woodmatch\mp\src\game\client\debug_mod_sdk2013ce\c_te_muzzleflash.obj
c:\users\what\desktop\woodmatch\woodmatch\mp\src\game\client\debug_mod_sdk2013ce\c_te_spritespray.obj
c:\users\what\desktop\woodmatch\woodmatch\mp\src\game\client\debug_mod_sdk2013ce\animatedentitytextureproxy.obj
c:\users\what\desktop\woodmatch\woodmatch\mp\src\game\client\debug_mod_sdk2013ce\basecombatcharacter_shared.obj
c:\users\what\desktop\woodmatch\woodmatch\mp\src\game\client\debug_mod_sdk2013ce\basepresence.obj
c:\users\what\desktop\woodmatch\woodmatch\mp\src\game\client\debug_mod_sdk2013ce\bone_merge_cache.obj
c:\users\what\desktop\woodmatch\woodmatch\mp\src\game\client\debug_mod_sdk2013ce\c_basedoor.obj
c:\users\what\desktop\woodmatch\woodmatch\mp\src\game\client\debug_mod_sdk2013ce\c_entitydissolve.obj
c:\users\what\desktop\woodmatch\woodmatch\mp\src\game\client\debug_mod_sdk2013ce\c_func_conveyor.obj
c:\users\what\desktop\woodmatch\woodmatch\mp\src\game\client\debug_mod_sdk2013ce\c_info_overlay_accessor.obj
c:\users\what\desktop\woodmatch\woodmatch\mp\src\game\client\debug_mod_sdk2013ce\c_physmagnet.obj
c:\users\what\desktop\woodmatch\woodmatch\mp\src\game\client\debug_mod_sdk2013ce\c_sceneentity.obj
c:\users\what\desktop\woodmatch\woodmatch\mp\src\game\client\debug_mod_sdk2013ce\clientmode_shared.obj
c:\users\what\desktop\woodmatch\woodmatch\mp\src\game\client\debug_mod_sdk2013ce\haptic_utils.obj
c:\users\what\desktop\woodmatch\woodmatch\mp\src\game\client\debug_mod_sdk2013ce\hud_crosshair.obj
c:\users\what\desktop\woodmatch\woodmatch\mp\src\game\client\debug_mod_sdk2013ce\hud_voicestatus.obj
c:\users\what\desktop\woodmatch\woodmatch\mp\src\game\client\debug_mod_sdk2013ce\particles_ez.obj
c:\users\what\desktop\woodmatch\woodmatch\mp\src\game\client\debug_mod_sdk2013ce\physics_shared.obj
c:\users\what\desktop\woodmatch\woodmatch\mp\src\game\client\debug_mod_sdk2013ce\predicted_viewmodel.obj
c:\users\what\desktop\woodmatch\woodmatch\mp\src\game\client\debug_mod_sdk2013ce\recvproxy.obj
c:\users\what\desktop\woodmatch\woodmatch\mp\src\game\client\debug_mod_sdk2013ce\simtimer.obj
c:\users\what\desktop\woodmatch\woodmatch\mp\src\game\client\debug_mod_sdk2013ce\sprite.obj
c:\users\what\desktop\woodmatch\woodmatch\mp\src\game\client\debug_mod_sdk2013ce\usercmd.obj
c:\users\what\desktop\woodmatch\woodmatch\mp\src\game\client\debug_mod_sdk2013ce\vgui_bitmapimage.obj
c:\users\what\desktop\woodmatch\woodmatch\mp\src\game\client\debug_mod_sdk2013ce\vgui_video_player.obj
c:\users\what\desktop\woodmatch\woodmatch\mp\src\game\client\debug_mod_sdk2013ce\weapon_parse.obj
c:\users\what\desktop\woodmatch\woodmatch\mp\src\game\client\debug_mod_sdk2013ce\intromenu.obj
c:\users\what\desktop\woodmatch\woodmatch\mp\src\game\client\debug_mod_sdk2013ce\c_basehelicopter.obj
c:\users\what\desktop\woodmatch\woodmatch\mp\src\game\client\debug_mod_sdk2013ce\c_env_headcrabcanister.obj
c:\users\what\desktop\woodmatch\woodmatch\mp\src\game\client\debug_mod_sdk2013ce\c_strider.obj
c:\users\what\desktop\woodmatch\woodmatch\mp\src\game\client\debug_mod_sdk2013ce\hud_blood.obj
c:\users\what\desktop\woodmatch\woodmatch\mp\src\game\client\debug_mod_sdk2013ce\hud_suitpower.obj
c:\users\what\desktop\woodmatch\woodmatch\mp\src\game\client\debug_mod_sdk2013ce\backgroundpanel.obj
c:\users\what\desktop\woodmatch\woodmatch\mp\src\game\client\debug_mod_sdk2013ce\weapon_hl2mpbase_machinegun.obj
c:\users\what\desktop\woodmatch\woodmatch\mp\src\game\client\debug_mod_sdk2013ce\weapon_slam.obj
c:\users\what\desktop\woodmatch\woodmatch\mp\src\game\client\debug_mod_sdk2013ce\c_steamjet.obj
c:\users\what\desktop\woodmatch\woodmatch\mp\src\game\client\debug_mod_sdk2013ce\c_te_beamring.obj
c:\users\what\desktop\woodmatch\woodmatch\mp\src\game\client\debug_mod_sdk2013ce\c_te_effect_dispatch.obj
c:\users\what\desktop\woodmatch\woodmatch\mp\src\game\client\debug_mod_sdk2013ce\c_te_physicsprop.obj
c:\users\what\desktop\woodmatch\woodmatch\mp\src\game\client\debug_mod_sdk2013ce\fx.obj
c:\users\what\desktop\woodmatch\woodmatch\mp\src\game\client\debug_mod_sdk2013ce\achievementmgr.obj
c:\users\what\desktop\woodmatch\woodmatch\mp\src\game\client\debug_mod_sdk2013ce\c_env_fog_controller.obj
c:\users\what\desktop\woodmatch\woodmatch\mp\src\game\client\debug_mod_sdk2013ce\c_fish.obj
c:\users\what\desktop\woodmatch\woodmatch\mp\src\game\client\debug_mod_sdk2013ce\c_func_monitor.obj
c:\users\what\desktop\woodmatch\woodmatch\mp\src\game\client\debug_mod_sdk2013ce\c_hairball.obj
c:\users\what\desktop\woodmatch\woodmatch\mp\src\game\client\debug_mod_sdk2013ce\c_props.obj
c:\users\what\desktop\woodmatch\woodmatch\mp\src\game\client\debug_mod_sdk2013ce\c_spotlight_end.obj
c:\users\what\desktop\woodmatch\woodmatch\mp\src\game\client\debug_mod_sdk2013ce\c_tesla.obj
c:\users\what\desktop\woodmatch\woodmatch\mp\src\game\client\debug_mod_sdk2013ce\c_waterlodcontrol.obj
c:\users\what\desktop\woodmatch\woodmatch\mp\src\game\client\debug_mod_sdk2013ce\cliententitylist.obj
c:\users\what\desktop\woodmatch\woodmatch\mp\src\game\client\debug_mod_sdk2013ce\colorcorrectionmgr.obj
c:\users\what\desktop\woodmatch\woodmatch\mp\src\game\client\debug_mod_sdk2013ce\detailobjectsystem.obj
c:\users\what\desktop\woodmatch\woodmatch\mp\src\game\client\debug_mod_sdk2013ce\fx_water.obj
c:\users\what\desktop\woodmatch\woodmatch\mp\src\game\client\debug_mod_sdk2013ce\geiger.obj
c:\users\what\desktop\woodmatch\woodmatch\mp\src\game\client\debug_mod_sdk2013ce\hud_element_helper.obj
c:\users\what\desktop\woodmatch\woodmatch\mp\src\game\client\debug_mod_sdk2013ce\hud_hintdisplay.obj
c:\users\what\desktop\woodmatch\woodmatch\mp\src\game\client\debug_mod_sdk2013ce\mapentities_shared.obj
c:\users\what\desktop\woodmatch\woodmatch\mp\src\game\client\debug_mod_sdk2013ce\particle_collision.obj
c:\users\what\desktop\woodmatch\woodmatch\mp\src\game\client\debug_mod_sdk2013ce\particle_simple3d.obj
c:\users\what\desktop\woodmatch\woodmatch\mp\src\game\client\debug_mod_sdk2013ce\perfvisualbenchmark.obj
c:\users\what\desktop\woodmatch\woodmatch\mp\src\game\client\debug_mod_sdk2013ce\playerspawncache.obj
c:\users\what\desktop\woodmatch\woodmatch\mp\src\game\client\debug_mod_sdk2013ce\props_shared.obj
c:\users\what\desktop\woodmatch\woodmatch\mp\src\game\client\debug_mod_sdk2013ce\singleplay_gamerules.obj
c:\users\what\desktop\woodmatch\woodmatch\mp\src\game\client\debug_mod_sdk2013ce\takedamageinfo.obj
c:\users\what\desktop\woodmatch\woodmatch\mp\src\game\client\debug_mod_sdk2013ce\timematerialproxy.obj
c:\users\what\desktop\woodmatch\woodmatch\mp\src\game\client\debug_mod_sdk2013ce\vgui_basepanel.obj
c:\users\what\desktop\woodmatch\woodmatch\mp\src\game\client\debug_mod_sdk2013ce\vgui_netgraphpanel.obj
c:\users\what\desktop\woodmatch\woodmatch\mp\src\game\client\debug_mod_sdk2013ce\voice_banmgr.obj
c:\users\what\desktop\woodmatch\woodmatch\mp\src\game\client\debug_mod_sdk2013ce\worlddimsproxy.obj
c:\users\what\desktop\woodmatch\woodmatch\mp\src\game\client\debug_mod_sdk2013ce\iconpanel.obj
c:\users\what\desktop\woodmatch\woodmatch\mp\src\game\client\debug_mod_sdk2013ce\basehlcombatweapon_shared.obj
c:\users\what\desktop\woodmatch\woodmatch\mp\src\game\client\debug_mod_sdk2013ce\c_barnacle.obj
c:\users\what\desktop\woodmatch\woodmatch\mp\src\game\client\debug_mod_sdk2013ce\c_corpse.obj
c:\users\what\desktop\woodmatch\woodmatch\mp\src\game\client\debug_mod_sdk2013ce\c_npc_combinegunship.obj
c:\users\what\desktop\woodmatch\woodmatch\mp\src\game\client\debug_mod_sdk2013ce\c_vehicle_prisoner_pod.obj
c:\users\what\desktop\woodmatch\woodmatch\mp\src\game\client\debug_mod_sdk2013ce\hl2_clientmode.obj
c:\users\what\desktop\woodmatch\woodmatch\mp\src\game\client\debug_mod_sdk2013ce\hl2mp_playeranimstate.obj
c:\users\what\desktop\woodmatch\woodmatch\mp\src\game\client\debug_mod_sdk2013ce\weapon_crossbow.obj
c:\users\what\desktop\woodmatch\woodmatch\mp\src\game\client\debug_mod_sdk2013ce\weapon_hl2mpbase.obj
c:\users\what\desktop\woodmatch\woodmatch\mp\src\game\client\debug_mod_sdk2013ce\c_recipientfilter.obj
c:\users\what\desktop\woodmatch\woodmatch\mp\src\game\client\debug_mod_sdk2013ce\c_te_beaments.obj
c:\users\what\desktop\woodmatch\woodmatch\mp\src\game\client\debug_mod_sdk2013ce\c_te_bubbles.obj
c:\users\what\desktop\woodmatch\woodmatch\mp\src\game\client\debug_mod_sdk2013ce\c_te_killplayerattachments.obj
c:\users\what\desktop\woodmatch\woodmatch\mp\src\game\client\debug_mod_sdk2013ce\c_testtraceline.obj
c:\users\what\desktop\woodmatch\woodmatch\mp\src\game\client\debug_mod_sdk2013ce\smoke_fog_overlay.obj
c:\users\what\desktop\woodmatch\woodmatch\mp\src\game\client\debug_mod_sdk2013ce\animatedoffsettextureproxy.obj
c:\users\what\desktop\woodmatch\woodmatch\mp\src\game\client\debug_mod_sdk2013ce\baseclientrendertargets.obj
c:\users\what\desktop\woodmatch\woodmatch\mp\src\game\client\debug_mod_sdk2013ce\basegrenade_shared.obj
c:\users\what\desktop\woodmatch\woodmatch\mp\src\game\client\debug_mod_sdk2013ce\bone_accessor.obj
c:\users\what\desktop\woodmatch\woodmatch\mp\src\game\client\debug_mod_sdk2013ce\c_basecombatweapon.obj
c:\users\what\desktop\woodmatch\woodmatch\mp\src\game\client\debug_mod_sdk2013ce\c_func_breakablesurf.obj
c:\users\what\desktop\woodmatch\woodmatch\mp\src\game\client\debug_mod_sdk2013ce\c_func_tracktrain.obj
c:\users\what\desktop\woodmatch\woodmatch\mp\src\game\client\debug_mod_sdk2013ce\c_plasma.obj
c:\users\what\desktop\woodmatch\woodmatch\mp\src\game\client\debug_mod_sdk2013ce\c_team.obj
c:\users\what\desktop\woodmatch\woodmatch\mp\src\game\client\debug_mod_sdk2013ce\c_vguiscreen.obj
c:\users\what\desktop\woodmatch\woodmatch\mp\src\game\client\debug_mod_sdk2013ce\decals.obj
c:\users\what\desktop\woodmatch\woodmatch\mp\src\game\client\debug_mod_sdk2013ce\eventlist.obj
c:\users\what\desktop\woodmatch\woodmatch\mp\src\game\client\debug_mod_sdk2013ce\fx_explosion.obj
c:\users\what\desktop\woodmatch\woodmatch\mp\src\game\client\debug_mod_sdk2013ce\glow_outline_effect.obj
c:\users\what\desktop\woodmatch\woodmatch\mp\src\game\client\debug_mod_sdk2013ce\hud_autoaim.obj
c:\users\what\desktop\woodmatch\woodmatch\mp\src\game\client\debug_mod_sdk2013ce\hud_vehicle.obj
c:\users\what\desktop\woodmatch\woodmatch\mp\src\game\client\debug_mod_sdk2013ce\mathproxy.obj
c:\users\what\desktop\woodmatch\woodmatch\mp\src\game\client\debug_mod_sdk2013ce\particle_litsmokeemitter.obj
c:\users\what\desktop\woodmatch\woodmatch\mp\src\game\client\debug_mod_sdk2013ce\particles_localspace.obj
c:\users\what\desktop\woodmatch\woodmatch\mp\src\game\client\debug_mod_sdk2013ce\physpropclientside.obj
c:\users\what\desktop\woodmatch\woodmatch\mp\src\game\client\debug_mod_sdk2013ce\proxyplayer.obj
c:\users\what\desktop\woodmatch\woodmatch\mp\src\game\client\debug_mod_sdk2013ce\simple_keys.obj
c:\users\what\desktop\woodmatch\woodmatch\mp\src\game\client\debug_mod_sdk2013ce\splinepatch.obj
c:\users\what\desktop\woodmatch\woodmatch\mp\src\game\client\debug_mod_sdk2013ce\teamplay_round_timer.obj
c:\users\what\desktop\woodmatch\woodmatch\mp\src\game\client\debug_mod_sdk2013ce\vgui_fpspanel.obj
c:\users\what\desktop\woodmatch\woodmatch\mp\src\game\client\debug_mod_sdk2013ce\view_scene.obj
c:\users\what\desktop\woodmatch\woodmatch\mp\src\game\client\debug_mod_sdk2013ce\weapons_resource.obj
c:\users\what\desktop\woodmatch\woodmatch\mp\src\game\client\debug_mod_sdk2013ce\spectatorgui.obj
c:\users\what\desktop\woodmatch\woodmatch\mp\src\game\client\debug_mod_sdk2013ce\c_hl2_playerlocaldata.obj
c:\users\what\desktop\woodmatch\woodmatch\mp\src\game\client\debug_mod_sdk2013ce\c_script_intro.obj
c:\users\what\desktop\woodmatch\woodmatch\mp\src\game\client\debug_mod_sdk2013ce\c_vehicle_crane.obj
c:\users\what\desktop\woodmatch\woodmatch\mp\src\game\client\debug_mod_sdk2013ce\fx_hl2_tracers.obj
c:\users\what\desktop\woodmatch\woodmatch\mp\src\game\client\debug_mod_sdk2013ce\hud_health.obj
c:\users\what\desktop\woodmatch\woodmatch\mp\src\game\client\debug_mod_sdk2013ce\shieldproxy.obj
c:\users\what\desktop\woodmatch\woodmatch\mp\src\game\client\debug_mod_sdk2013ce\hl2mp_hud_chat.obj
c:\users\what\desktop\woodmatch\woodmatch\mp\src\game\client\debug_mod_sdk2013ce\weapon_smg1.obj
c:\users\what\desktop\woodmatch\woodmatch\mp\src\game\client\debug_mod_sdk2013ce\c_smoke_trail.obj
c:\users\what\desktop\woodmatch\woodmatch\mp\src\game\client\debug_mod_sdk2013ce\c_te_bloodsprite.obj
c:\users\what\desktop\woodmatch\woodmatch\mp\src\game\client\debug_mod_sdk2013ce\c_te_glassshatter.obj
c:\users\what\desktop\woodmatch\woodmatch\mp\src\game\client\debug_mod_sdk2013ce\c_te_sprite.obj
c:\users\what\desktop\woodmatch\woodmatch\mp\src\game\client\debug_mod_sdk2013ce\toolframework_client.obj
c:\users\what\desktop\woodmatch\woodmatch\mp\src\game\client\debug_mod_sdk2013ce\ammodef.obj
c:\users\what\desktop\woodmatch\woodmatch\mp\src\game\client\debug_mod_sdk2013ce\animation.obj
c:\users\what\desktop\woodmatch\woodmatch\mp\src\game\client\debug_mod_sdk2013ce\baseprojectile.obj
c:\users\what\desktop\woodmatch\woodmatch\mp\src\game\client\debug_mod_sdk2013ce\c_ai_basenpc.obj
c:\users\what\desktop\woodmatch\woodmatch\mp\src\game\client\debug_mod_sdk2013ce\c_baseentity.obj
c:\users\what\desktop\woodmatch\woodmatch\mp\src\game\client\debug_mod_sdk2013ce\c_func_smokevolume.obj
c:\users\what\desktop\woodmatch\woodmatch\mp\src\game\client\debug_mod_sdk2013ce\c_point_commentary_node.obj
c:\users\what\desktop\woodmatch\woodmatch\mp\src\game\client\debug_mod_sdk2013ce\cdll_client_int.obj
c:\users\what\desktop\woodmatch\woodmatch\mp\src\game\client\debug_mod_sdk2013ce\hud_bitmapnumericdisplay.obj
c:\users\what\desktop\woodmatch\woodmatch\mp\src\game\client\debug_mod_sdk2013ce\hud_pdump.obj
c:\users\what\desktop\woodmatch\woodmatch\mp\src\game\client\debug_mod_sdk2013ce\isnpcproxy.obj
c:\users\what\desktop\woodmatch\woodmatch\mp\src\game\client\debug_mod_sdk2013ce\message.obj
c:\users\what\desktop\woodmatch\woodmatch\mp\src\game\client\debug_mod_sdk2013ce\physics_saverestore.obj
c:\users\what\desktop\woodmatch\woodmatch\mp\src\game\client\debug_mod_sdk2013ce\predictioncopy.obj
c:\users\what\desktop\woodmatch\woodmatch\mp\src\game\client\debug_mod_sdk2013ce\screenspaceeffects.obj
c:\users\what\desktop\woodmatch\woodmatch\mp\src\game\client\debug_mod_sdk2013ce\studio_stats.obj
c:\users\what\desktop\woodmatch\woodmatch\mp\src\game\client\debug_mod_sdk2013ce\vgui_bitmappanel.obj
c:\users\what\desktop\woodmatch\woodmatch\mp\src\game\client\debug_mod_sdk2013ce\vgui_slideshow_display_screen.obj
c:\users\what\desktop\woodmatch\woodmatch\mp\src\game\client\debug_mod_sdk2013ce\viewpostprocess.obj
c:\users\what\desktop\woodmatch\woodmatch\mp\src\game\client\debug_mod_sdk2013ce\mapoverview.obj
c:\users\what\desktop\woodmatch\woodmatch\mp\src\game\client\debug_mod_sdk2013ce\c_func_tankmortar.obj
c:\users\what\desktop\woodmatch\woodmatch\mp\src\game\client\debug_mod_sdk2013ce\c_plasma_beam_node.obj
c:\users\what\desktop\woodmatch\woodmatch\mp\src\game\client\debug_mod_sdk2013ce\c_weapon_crossbow.obj
c:\users\what\desktop\woodmatch\woodmatch\mp\src\game\client\debug_mod_sdk2013ce\hl_prediction.obj
c:\users\what\desktop\woodmatch\woodmatch\mp\src\game\client\debug_mod_sdk2013ce\hud_squadstatus.obj
c:\users\what\desktop\woodmatch\woodmatch\mp\src\game\client\debug_mod_sdk2013ce\hl2mp_weapon_parse.obj
c:\users\what\desktop\woodmatch\woodmatch\mp\src\game\client\debug_mod_sdk2013ce\hl2mpclientscoreboard.obj
c:\users\what\desktop\woodmatch\woodmatch\mp\src\game\client\debug_mod_sdk2013ce\weapon_shotgun.obj
c:\users\what\desktop\woodmatch\woodmatch\mp\src\game\client\debug_mod_sdk2013ce\c_particle_fire.obj
c:\users\what\desktop\woodmatch\woodmatch\mp\src\game\client\debug_mod_sdk2013ce\c_te_basebeam.obj
c:\users\what\desktop\woodmatch\woodmatch\mp\src\game\client\debug_mod_sdk2013ce\c_te_beamringpoint.obj
c:\users\what\desktop\woodmatch\woodmatch\mp\src\game\client\debug_mod_sdk2013ce\c_te_energysplash.obj
c:\users\what\desktop\woodmatch\woodmatch\mp\src\game\client\debug_mod_sdk2013ce\c_te_particlesystem.obj
c:\users\what\desktop\woodmatch\woodmatch\mp\src\game\client\debug_mod_sdk2013ce\c_tracer.obj
c:\users\what\desktop\woodmatch\woodmatch\mp\src\game\client\debug_mod_sdk2013ce\bonelist.obj
c:\users\what\desktop\woodmatch\woodmatch\mp\src\game\client\debug_mod_sdk2013ce\alphamaterialproxy.obj
c:\users\what\desktop\woodmatch\woodmatch\mp\src\game\client\debug_mod_sdk2013ce\basecombatweapon_shared.obj
c:\users\what\desktop\woodmatch\woodmatch\mp\src\game\client\debug_mod_sdk2013ce\c_ai_basehumanoid.obj
c:\users\what\desktop\woodmatch\woodmatch\mp\src\game\client\debug_mod_sdk2013ce\c_baseflex.obj
c:\users\what\desktop\woodmatch\woodmatch\mp\src\game\client\debug_mod_sdk2013ce\c_gib.obj
c:\users\what\desktop\woodmatch\woodmatch\mp\src\game\client\debug_mod_sdk2013ce\c_pixel_visibility.obj
c:\users\what\desktop\woodmatch\woodmatch\mp\src\game\client\debug_mod_sdk2013ce\c_team_objectiveresource.obj
c:\users\what\desktop\woodmatch\woodmatch\mp\src\game\client\debug_mod_sdk2013ce\cam_thirdperson.obj
c:\users\what\desktop\woodmatch\woodmatch\mp\src\game\client\debug_mod_sdk2013ce\client_thinklist.obj
c:\users\what\desktop\woodmatch\woodmatch\mp\src\game\client\debug_mod_sdk2013ce\collisionproperty.obj
c:\users\what\desktop\woodmatch\woodmatch\mp\src\game\client\debug_mod_sdk2013ce\dummyproxy.obj
c:\users\what\desktop\woodmatch\woodmatch\mp\src\game\client\debug_mod_sdk2013ce\entityparticletrail_shared.obj
c:\users\what\desktop\woodmatch\woodmatch\mp\src\game\client\debug_mod_sdk2013ce\fx_impact.obj
c:\users\what\desktop\woodmatch\woodmatch\mp\src\game\client\debug_mod_sdk2013ce\gametrace_client.obj
c:\users\what\desktop\woodmatch\woodmatch\mp\src\game\client\debug_mod_sdk2013ce\hintmessage.obj
c:\users\what\desktop\woodmatch\woodmatch\mp\src\game\client\debug_mod_sdk2013ce\hud_animationinfo.obj
c:\users\what\desktop\woodmatch\woodmatch\mp\src\game\client\debug_mod_sdk2013ce\hud_msg.obj
c:\users\what\desktop\woodmatch\woodmatch\mp\src\game\client\debug_mod_sdk2013ce\initializer.obj
c:\users\what\desktop\woodmatch\woodmatch\mp\src\game\client\debug_mod_sdk2013ce\matrixproxy.obj
c:\users\what\desktop\woodmatch\woodmatch\mp\src\game\client\debug_mod_sdk2013ce\panelmetaclassmgr.obj
c:\users\what\desktop\woodmatch\woodmatch\mp\src\game\client\debug_mod_sdk2013ce\point_posecontroller.obj
c:\users\what\desktop\woodmatch\woodmatch\mp\src\game\client\debug_mod_sdk2013ce\proxyhealth.obj
c:\users\what\desktop\woodmatch\woodmatch\mp\src\game\client\debug_mod_sdk2013ce\saverestore.obj
c:\users\what\desktop\woodmatch\woodmatch\mp\src\game\client\debug_mod_sdk2013ce\text_message.obj
c:\users\what\desktop\woodmatch\woodmatch\mp\src\game\client\debug_mod_sdk2013ce\vehicle_viewblend_shared.obj
c:\users\what\desktop\woodmatch\woodmatch\mp\src\game\client\debug_mod_sdk2013ce\vgui_consolepanel.obj
c:\users\what\desktop\woodmatch\woodmatch\mp\src\game\client\debug_mod_sdk2013ce\vgui_loadingdiscpanel.obj
c:\users\what\desktop\woodmatch\woodmatch\mp\src\game\client\debug_mod_sdk2013ce\viewconeimage.obj
c:\users\what\desktop\woodmatch\woodmatch\mp\src\game\client\debug_mod_sdk2013ce\commandmenu.obj
c:\users\what\desktop\woodmatch\woodmatch\mp\src\game\client\debug_mod_sdk2013ce\c_antlion_dust.obj
c:\users\what\desktop\woodmatch\woodmatch\mp\src\game\client\debug_mod_sdk2013ce\c_barney.obj
c:\users\what\desktop\woodmatch\woodmatch\mp\src\game\client\debug_mod_sdk2013ce\c_env_alyxtemp.obj
c:\users\what\desktop\woodmatch\woodmatch\mp\src\game\client\debug_mod_sdk2013ce\c_npc_rollermine.obj
c:\users\what\desktop\woodmatch\woodmatch\mp\src\game\client\debug_mod_sdk2013ce\c_vehicle_airboat.obj
c:\users\what\desktop\woodmatch\woodmatch\mp\src\game\client\debug_mod_sdk2013ce\hl_gamemovement.obj
c:\users\what\desktop\woodmatch\woodmatch\mp\src\game\client\debug_mod_sdk2013ce\hud_weaponselection.obj
c:\users\what\desktop\woodmatch\woodmatch\mp\src\game\client\debug_mod_sdk2013ce\hl2mp_hud_team.obj
c:\users\what\desktop\woodmatch\woodmatch\mp\src\game\client\debug_mod_sdk2013ce\weapon_rpg.obj
c:\users\what\desktop\woodmatch\woodmatch\mp\src\game\client\debug_mod_sdk2013ce\c_stickybolt.obj
c:\users\what\desktop\woodmatch\woodmatch\mp\src\game\client\debug_mod_sdk2013ce\c_te_bspdecal.obj
c:\users\what\desktop\woodmatch\woodmatch\mp\src\game\client\debug_mod_sdk2013ce\c_te_glowsprite.obj
c:\users\what\desktop\woodmatch\woodmatch\mp\src\game\client\debug_mod_sdk2013ce\c_te_worlddecal.obj
c:\users\what\desktop\woodmatch\woodmatch\mp\src\game\client\debug_mod_sdk2013ce\entity_client_tools.obj
c:\users\what\desktop\woodmatch\woodmatch\mp\src\game\client\debug_mod_sdk2013ce\mp3player.obj
c:\users\what\desktop\woodmatch\woodmatch\mp\src\game\client\debug_mod_sdk2013ce\base_playeranimstate.obj
c:\users\what\desktop\woodmatch\woodmatch\mp\src\game\client\debug_mod_sdk2013ce\beamdraw.obj
c:\users\what\desktop\woodmatch\woodmatch\mp\src\game\client\debug_mod_sdk2013ce\c_baseplayer.obj
c:\users\what\desktop\woodmatch\woodmatch\mp\src\game\client\debug_mod_sdk2013ce\c_shadowcontrol.obj
c:\users\what\desktop\woodmatch\woodmatch\mp\src\game\client\debug_mod_sdk2013ce\c_team_train_watcher.obj
c:\users\what\desktop\woodmatch\woodmatch\mp\src\game\client\debug_mod_sdk2013ce\c_vote_controller.obj
c:\users\what\desktop\woodmatch\woodmatch\mp\src\game\client\debug_mod_sdk2013ce\clientsteamcontext.obj
c:\users\what\desktop\woodmatch\woodmatch\mp\src\game\client\debug_mod_sdk2013ce\ehandle.obj
c:\users\what\desktop\woodmatch\woodmatch\mp\src\game\client\debug_mod_sdk2013ce\env_wind_shared.obj
c:\users\what\desktop\woodmatch\woodmatch\mp\src\game\client\debug_mod_sdk2013ce\fx_fleck.obj
c:\users\what\desktop\woodmatch\woodmatch\mp\src\game\client\debug_mod_sdk2013ce\fx_tracer.obj
c:\users\what\desktop\woodmatch\woodmatch\mp\src\game\client\debug_mod_sdk2013ce\gamevars_shared.obj
c:\users\what\desktop\woodmatch\woodmatch\mp\src\game\client\debug_mod_sdk2013ce\hltvcamera.obj
c:\users\what\desktop\woodmatch\woodmatch\mp\src\game\client\debug_mod_sdk2013ce\hud_filmdemo.obj
c:\users\what\desktop\woodmatch\woodmatch\mp\src\game\client\debug_mod_sdk2013ce\in_joystick.obj
c:\users\what\desktop\woodmatch\woodmatch\mp\src\game\client\debug_mod_sdk2013ce\obstacle_pushaway.obj
c:\users\what\desktop\woodmatch\woodmatch\mp\src\game\client\debug_mod_sdk2013ce\particlemgr.obj
c:\users\what\desktop\woodmatch\woodmatch\mp\src\game\client\debug_mod_sdk2013ce\rope_helpers.obj
c:\users\what\desktop\woodmatch\woodmatch\mp\src\game\client\debug_mod_sdk2013ce\soundemittersystem.obj
c:\users\what\desktop\woodmatch\woodmatch\mp\src\game\client\debug_mod_sdk2013ce\vgui_bitmapbutton.obj
c:\users\what\desktop\woodmatch\woodmatch\mp\src\game\client\debug_mod_sdk2013ce\vgui_schemevisualizer.obj
c:\users\what\desktop\woodmatch\woodmatch\mp\src\game\client\debug_mod_sdk2013ce\viewrender.obj
c:\users\what\desktop\woodmatch\woodmatch\mp\src\game\client\debug_mod_sdk2013ce\c_vehicle_cannon.obj
c:\users\what\desktop\woodmatch\woodmatch\mp\src\game\client\debug_mod_sdk2013ce\fx_hl2_impacts.obj
c:\users\what\desktop\woodmatch\woodmatch\mp\src\game\client\debug_mod_sdk2013ce\hud_credits.obj
c:\users\what\desktop\woodmatch\woodmatch\mp\src\game\client\debug_mod_sdk2013ce\vgui_rootpanel_hl2.obj
c:\users\what\desktop\woodmatch\woodmatch\mp\src\game\client\debug_mod_sdk2013ce\multiplayer_animstate.obj
c:\users\what\desktop\woodmatch\woodmatch\mp\src\game\client\debug_mod_sdk2013ce\weapon_crowbar.obj
c:\users\what\desktop\woodmatch\woodmatch\mp\src\game\client\debug_mod_sdk2013ce\weapon_hl2mpbasebasebludgeon.obj
c:\users\what\desktop\woodmatch\woodmatch\mp\src\game\client\debug_mod_sdk2013ce\in_sixense_gesture_bindings.obj
c:\users\what\desktop\woodmatch\woodmatch\mp\src\game\client\debug_mod_sdk2013ce\c_movie_explosion.obj
c:\users\what\desktop\woodmatch\woodmatch\mp\src\game\client\debug_mod_sdk2013ce\c_te.obj
c:\users\what\desktop\woodmatch\woodmatch\mp\src\game\client\debug_mod_sdk2013ce\c_te_beampoints.obj
c:\users\what\desktop\woodmatch\woodmatch\mp\src\game\client\debug_mod_sdk2013ce\c_te_footprint.obj
c:\users\what\desktop\woodmatch\woodmatch\mp\src\game\client\debug_mod_sdk2013ce\c_te_projecteddecal.obj
c:\users\what\desktop\woodmatch\woodmatch\mp\src\game\client\debug_mod_sdk2013ce\fx_discreetline.obj
c:\users\what\desktop\woodmatch\woodmatch\mp\src\game\client\debug_mod_sdk2013ce\replaycamera.obj
c:\users\what\desktop\woodmatch\woodmatch\mp\src\game\client\debug_mod_sdk2013ce\animatedtextureproxy.obj
c:\users\what\desktop\woodmatch\woodmatch\mp\src\game\client\debug_mod_sdk2013ce\baseentity_shared.obj
c:\users\what\desktop\woodmatch\woodmatch\mp\src\game\client\debug_mod_sdk2013ce\c_baseanimatingoverlay.obj
c:\users\what\desktop\woodmatch\woodmatch\mp\src\game\client\debug_mod_sdk2013ce\c_colorcorrectionvolume.obj
c:\users\what\desktop\woodmatch\woodmatch\mp\src\game\client\debug_mod_sdk2013ce\c_env_screenoverlay.obj
c:\users\what\desktop\woodmatch\woodmatch\mp\src\game\client\debug_mod_sdk2013ce\c_func_occluder.obj
c:\users\what\desktop\woodmatch\woodmatch\mp\src\game\client\debug_mod_sdk2013ce\c_materialmodifycontrol.obj
c:\users\what\desktop\woodmatch\woodmatch\mp\src\game\client\debug_mod_sdk2013ce\c_ragdoll_manager.obj
c:\users\what\desktop\woodmatch\woodmatch\mp\src\game\client\debug_mod_sdk2013ce\c_sprite_perfmonitor.obj
c:\users\what\desktop\woodmatch\woodmatch\mp\src\game\client\debug_mod_sdk2013ce\c_test_proxytoggle.obj
c:\users\what\desktop\woodmatch\woodmatch\mp\src\game\client\debug_mod_sdk2013ce\c_waterbullet.obj
c:\users\what\desktop\woodmatch\woodmatch\mp\src\game\client\debug_mod_sdk2013ce\cdll_util.obj
c:\users\what\desktop\woodmatch\woodmatch\mp\src\game\client\debug_mod_sdk2013ce\death_pose.obj
c:\users\what\desktop\woodmatch\woodmatch\mp\src\game\client\debug_mod_sdk2013ce\effect_dispatch_data.obj
c:\users\what\desktop\woodmatch\woodmatch\mp\src\game\client\debug_mod_sdk2013ce\entityoriginmaterialproxy.obj
c:\users\what\desktop\woodmatch\woodmatch\mp\src\game\client\debug_mod_sdk2013ce\func_ladder.obj
c:\users\what\desktop\woodmatch\woodmatch\mp\src\game\client\debug_mod_sdk2013ce\fx_shelleject.obj
c:\users\what\desktop\woodmatch\woodmatch\mp\src\game\client\debug_mod_sdk2013ce\gamemovement.obj
c:\users\what\desktop\woodmatch\woodmatch\mp\src\game\client\debug_mod_sdk2013ce\history_resource.obj
c:\users\what\desktop\woodmatch\woodmatch\mp\src\game\client\debug_mod_sdk2013ce\hud_numericdisplay.obj
c:\users\what\desktop\woodmatch\woodmatch\mp\src\game\client\debug_mod_sdk2013ce\lampbeamproxy.obj
c:\users\what\desktop\woodmatch\woodmatch\mp\src\game\client\debug_mod_sdk2013ce\movehelper_client.obj
c:\users\what\desktop\woodmatch\woodmatch\mp\src\game\client\debug_mod_sdk2013ce\particle_proxies.obj
c:\users\what\desktop\woodmatch\woodmatch\mp\src\game\client\debug_mod_sdk2013ce\particles_simple.obj
c:\users\what\desktop\woodmatch\woodmatch\mp\src\game\client\debug_mod_sdk2013ce\precache_register.obj
c:\users\what\desktop\woodmatch\woodmatch\mp\src\game\client\debug_mod_sdk2013ce\proxyentity.obj
c:\users\what\desktop\woodmatch\woodmatch\mp\src\game\client\debug_mod_sdk2013ce\sceneentity_shared.obj
c:\users\what\desktop\woodmatch\woodmatch\mp\src\game\client\debug_mod_sdk2013ce\soundenvelope.obj
c:\users\what\desktop\woodmatch\woodmatch\mp\src\game\client\debug_mod_sdk2013ce\toggletextureproxy.obj
c:\users\what\desktop\woodmatch\woodmatch\mp\src\game\client\debug_mod_sdk2013ce\vgui_centerstringpanel.obj
c:\users\what\desktop\woodmatch\woodmatch\mp\src\game\client\debug_mod_sdk2013ce\vgui_video.obj
c:\users\what\desktop\woodmatch\woodmatch\mp\src\game\client\debug_mod_sdk2013ce\voice_status.obj
c:\users\what\desktop\woodmatch\woodmatch\mp\src\game\client\debug_mod_sdk2013ce\teammenu.obj
c:\users\what\desktop\woodmatch\woodmatch\mp\src\game\client\debug_mod_sdk2013ce\c_prop_combine_ball.obj
c:\users\what\desktop\woodmatch\woodmatch\mp\src\game\client\debug_mod_sdk2013ce\env_headcrabcanister_shared.obj
c:\users\what\desktop\woodmatch\woodmatch\mp\src\game\client\debug_mod_sdk2013ce\hl2_usermessages.obj
c:\users\what\desktop\woodmatch\woodmatch\mp\src\game\client\debug_mod_sdk2013ce\hud_damageindicator.obj
c:\users\what\desktop\woodmatch\woodmatch\mp\src\game\client\debug_mod_sdk2013ce\c_te_hl2mp_shotgun_shot.obj
c:\users\what\desktop\woodmatch\woodmatch\mp\src\game\client\debug_mod_sdk2013ce\hl2mp_hud_target_id.obj
c:\users\what\desktop\woodmatch\woodmatch\mp\src\game\client\debug_mod_sdk2013ce\weapon_physcannon.obj
c:\users\what\desktop\woodmatch\woodmatch\mp\src\game\client\debug_mod_sdk2013ce\c_particle_smokegrenade.obj
c:\users\what\desktop\woodmatch\woodmatch\mp\src\game\client\debug_mod_sdk2013ce\c_te_beamentpoint.obj
c:\users\what\desktop\woodmatch\woodmatch\mp\src\game\client\debug_mod_sdk2013ce\c_te_bloodstream.obj
c:\users\what\desktop\woodmatch\woodmatch\mp\src\game\client\debug_mod_sdk2013ce\c_te_explosion.obj
c:\users\what\desktop\woodmatch\woodmatch\mp\src\game\client\debug_mod_sdk2013ce\c_te_playerdecal.obj
c:\users\what\desktop\woodmatch\woodmatch\mp\src\game\client\debug_mod_sdk2013ce\fx_sparks.obj
c:\users\what\desktop\woodmatch\woodmatch\mp\src\game\client\debug_mod_sdk2013ce\achievements_hlx.obj
c:\users\what\desktop\woodmatch\woodmatch\mp\src\game\client\debug_mod_sdk2013ce\baseanimatedtextureproxy.obj
c:\users\what\desktop\woodmatch\woodmatch\mp\src\game\client\debug_mod_sdk2013ce\baseviewmodel_shared.obj
c:\users\what\desktop\woodmatch\woodmatch\mp\src\game\client\debug_mod_sdk2013ce\c_baseanimating.obj
c:\users\what\desktop\woodmatch\woodmatch\mp\src\game\client\debug_mod_sdk2013ce\c_point_camera.obj
c:\users\what\desktop\woodmatch\woodmatch\mp\src\game\client\debug_mod_sdk2013ce\c_soundscape.obj
c:\users\what\desktop\woodmatch\woodmatch\mp\src\game\client\debug_mod_sdk2013ce\c_user_message_register.obj
c:\users\what\desktop\woodmatch\woodmatch\mp\src\game\client\debug_mod_sdk2013ce\cdll_bounded_cvars.obj
c:\users\what\desktop\woodmatch\woodmatch\mp\src\game\client\debug_mod_sdk2013ce\classmap.obj
c:\users\what\desktop\woodmatch\woodmatch\mp\src\game\client\debug_mod_sdk2013ce\clientsideeffects_test.obj
c:\users\what\desktop\woodmatch\woodmatch\mp\src\game\client\debug_mod_sdk2013ce\debugoverlay_shared.obj
c:\users\what\desktop\woodmatch\woodmatch\mp\src\game\client\debug_mod_sdk2013ce\entitylist_base.obj
c:\users\what\desktop\woodmatch\woodmatch\mp\src\game\client\debug_mod_sdk2013ce\fx_cube.obj
c:\users\what\desktop\woodmatch\woodmatch\mp\src\game\client\debug_mod_sdk2013ce\fx_staticline.obj
c:\users\what\desktop\woodmatch\woodmatch\mp\src\game\client\debug_mod_sdk2013ce\gamerules.obj
c:\users\what\desktop\woodmatch\woodmatch\mp\src\game\client\debug_mod_sdk2013ce\hud.obj
c:\users\what\desktop\woodmatch\woodmatch\mp\src\game\client\debug_mod_sdk2013ce\hud_weapon.obj
c:\users\what\desktop\woodmatch\woodmatch\mp\src\game\client\debug_mod_sdk2013ce\multiplay_gamerules.obj
c:\users\what\desktop\woodmatch\woodmatch\mp\src\game\client\debug_mod_sdk2013ce\particles_attractor.obj
c:\users\what\desktop\woodmatch\woodmatch\mp\src\game\client\debug_mod_sdk2013ce\physics_main_shared.obj
c:\users\what\desktop\woodmatch\woodmatch\mp\src\game\client\debug_mod_sdk2013ce\soundparametersinternal.obj
c:\users\what\desktop\woodmatch\woodmatch\mp\src\game\client\debug_mod_sdk2013ce\test_ehandle.obj
c:\users\what\desktop\woodmatch\woodmatch\mp\src\game\client\debug_mod_sdk2013ce\usermessages.obj
c:\users\what\desktop\woodmatch\woodmatch\mp\src\game\client\debug_mod_sdk2013ce\vgui_debugoverlaypanel.obj
c:\users\what\desktop\woodmatch\woodmatch\mp\src\game\client\debug_mod_sdk2013ce\view.obj
c:\users\what\desktop\woodmatch\woodmatch\mp\src\game\client\debug_mod_sdk2013ce\basemodel_panel.obj
c:\users\what\desktop\woodmatch\woodmatch\mp\src\game\client\debug_mod_sdk2013ce\vguitextwindow.obj
c:\users\what\desktop\woodmatch\woodmatch\mp\src\game\client\debug_mod_sdk2013ce\c_te_flare.obj
c:\users\what\desktop\woodmatch\woodmatch\mp\src\game\client\debug_mod_sdk2013ce\c_vort_charge_token.obj
c:\users\what\desktop\woodmatch\woodmatch\mp\src\game\client\debug_mod_sdk2013ce\hud_ammo.obj
c:\users\what\desktop\woodmatch\woodmatch\mp\src\game\client\debug_mod_sdk2013ce\script_intro_shared.obj
c:\users\what\desktop\woodmatch\woodmatch\mp\src\game\client\debug_mod_sdk2013ce\hl2mp_player_shared.obj
c:\users\what\desktop\woodmatch\woodmatch\mp\src\game\client\debug_mod_sdk2013ce\hl2mptextwindow.obj
c:\users\what\desktop\woodmatch\woodmatch\mp\src\game\client\debug_mod_sdk2013ce\c_basetempentity.obj
c:\users\what\desktop\woodmatch\woodmatch\mp\src\game\client\debug_mod_sdk2013ce\c_smokestack.obj
c:\users\what\desktop\woodmatch\woodmatch\mp\src\game\client\debug_mod_sdk2013ce\c_te_beamfollow.obj
c:\users\what\desktop\woodmatch\woodmatch\mp\src\game\client\debug_mod_sdk2013ce\c_te_decal.obj
c:\users\what\desktop\woodmatch\woodmatch\mp\src\game\client\debug_mod_sdk2013ce\c_te_legacytempents.obj
c:\users\what\desktop\woodmatch\woodmatch\mp\src\game\client\debug_mod_sdk2013ce\client.pch
c:\users\what\desktop\woodmatch\woodmatch\mp\src\game\client\debug_mod_sdk2013ce\vc143.pdb
c:\users\what\desktop\woodmatch\woodmatch\mp\src\game\client\debug_mod_sdk2013ce\vc143.idb
c:\users\what\desktop\woodmatch\woodmatch\mp\src\game\client\debug_mod_sdk2013ce\stdafx.obj
c:\users\what\desktop\woodmatch\woodmatch\mp\src\game\client\debug_mod_sdk2013ce\c_weapon_physcannon.obj
c:\users\what\desktop\woodmatch\woodmatch\mp\src\game\client\debug_mod_sdk2013ce\c_weapon_gravitygun.obj
c:\users\what\desktop\woodmatch\woodmatch\mp\src\game\client\debug_mod_sdk2013ce\interval.obj
c:\users\what\desktop\woodmatch\woodmatch\mp\src\game\client\debug_mod_sdk2013ce\jigglebones.obj
c:\users\what\desktop\woodmatch\woodmatch\mp\src\game\client\debug_mod_sdk2013ce\scratchpadutils.obj
c:\users\what\desktop\woodmatch\woodmatch\mp\src\game\client\debug_mod_sdk2013ce\posedebugger.obj
c:\users\what\desktop\woodmatch\woodmatch\mp\src\game\client\debug_mod_sdk2013ce\crtmemdebug.obj
c:\users\what\desktop\woodmatch\woodmatch\mp\src\game\client\debug_mod_sdk2013ce\dt_utlvector_recv.obj
c:\users\what\desktop\woodmatch\woodmatch\mp\src\game\client\debug_mod_sdk2013ce\studio.obj
c:\users\what\desktop\woodmatch\woodmatch\mp\src\game\client\debug_mod_sdk2013ce\client_class.obj
c:\users\what\desktop\woodmatch\woodmatch\mp\src\game\client\debug_mod_sdk2013ce\stringregistry.obj
c:\users\what\desktop\woodmatch\woodmatch\mp\src\game\client\debug_mod_sdk2013ce\randoverride.obj
c:\users\what\desktop\woodmatch\woodmatch\mp\src\game\client\debug_mod_sdk2013ce\filesystem_helpers.obj
c:\users\what\desktop\woodmatch\woodmatch\mp\src\game\client\debug_mod_sdk2013ce\vgui_controls.obj
c:\users\what\desktop\woodmatch\woodmatch\mp\src\game\client\debug_mod_sdk2013ce\dt_utlvector_common.obj
c:\users\what\desktop\woodmatch\woodmatch\mp\src\game\client\debug_mod_sdk2013ce\renamed_recvtable_compat.obj
c:\users\what\desktop\woodmatch\woodmatch\mp\src\game\client\debug_mod_sdk2013ce\vallocator.obj
c:\users\what\desktop\woodmatch\woodmatch\mp\src\game\client\debug_mod_sdk2013ce\language.obj
c:\users\what\desktop\woodmatch\woodmatch\mp\src\game\client\debug_mod_sdk2013ce\interpolatortypes.obj
c:\users\what\desktop\woodmatch\woodmatch\mp\src\game\client\debug_mod_sdk2013ce\memoverride.obj
c:\users\what\desktop\woodmatch\woodmatch\mp\src\game\client\debug_mod_sdk2013ce\dt_recv.obj
c:\users\what\desktop\woodmatch\woodmatch\mp\src\game\client\debug_mod_sdk2013ce\networkvar.obj
c:\users\what\desktop\woodmatch\woodmatch\mp\src\game\client\debug_mod_sdk2013ce\rope_physics.obj
c:\users\what\desktop\woodmatch\woodmatch\mp\src\game\client\debug_mod_sdk2013ce\mumble.obj
c:\users\what\desktop\woodmatch\woodmatch\mp\src\game\client\debug_mod_sdk2013ce\compiledcaptionswap.obj
c:\users\what\desktop\woodmatch\woodmatch\mp\src\game\client\debug_mod_sdk2013ce\sentence.obj
c:\users\what\desktop\woodmatch\woodmatch\mp\src\game\client\debug_mod_sdk2013ce\rendertexture.obj
c:\users\what\desktop\woodmatch\woodmatch\mp\src\game\client\debug_mod_sdk2013ce\bone_setup.obj
c:\users\what\desktop\woodmatch\woodmatch\mp\src\game\client\debug_mod_sdk2013ce\hud_lcd.obj
c:\users\what\desktop\woodmatch\woodmatch\mp\src\game\client\debug_mod_sdk2013ce\collisionutils.obj
c:\users\what\desktop\woodmatch\woodmatch\mp\src\game\client\debug_mod_sdk2013ce\scratchpad3d.obj
c:\users\what\desktop\woodmatch\woodmatch\mp\src\game\client\debug_mod_sdk2013ce\sheetsimulator.obj
c:\users\what\desktop\woodmatch\woodmatch\mp\src\game\client\debug_mod_sdk2013ce\simple_physics.obj
c:\users\what\desktop\woodmatch\woodmatch\mp\src\game\client\debug_mod_sdk2013ce\in_mouse.obj
c:\users\what\desktop\woodmatch\woodmatch\mp\src\game\client\debug_mod_sdk2013ce\pointeroverride.obj
c:\users\what\desktop\woodmatch\woodmatch\mp\src\game\client\client_sdk2013ce.vpc.sentinel
c:\users\bandit\onedrive\documents\woodmatch\mp\src\game\client\debug_mod_sdk2013ce\client.lib
c:\users\bandit\onedrive\documents\woodmatch\mp\src\game\client\debug_mod_sdk2013ce\client.exp
c:\users\what\desktop\woodmatch\woodmatch\mp\src\game\client\debug_mod_sdk2013ce\client.lib
c:\users\what\desktop\woodmatch\woodmatch\mp\src\game\client\debug_mod_sdk2013ce\client.exp
c:\users\what\desktop\woodmatch\woodmatch\mp\src\game\client\debug_mod_sdk2013ce\client.dll
c:\users\what\desktop\woodmatch\woodmatch\mp\src\game\client\debug_mod_sdk2013ce\client.ilk
c:\users\what\desktop\woodmatch\woodmatch\mp\src\game\client\debug_mod_sdk2013ce\client.pdb
c:\users\what\desktop\woodmatch\woodmatch\mp\src\game\client\debug_mod_sdk2013ce\vc120.pdb
c:\users\what\desktop\woodmatch\woodmatch\mp\src\game\client\debug_mod_sdk2013ce\client.tlog\cl.command.1.tlog
c:\users\what\desktop\woodmatch\woodmatch\mp\src\game\client\debug_mod_sdk2013ce\client.tlog\cl.items.tlog
c:\users\what\desktop\woodmatch\woodmatch\mp\src\game\client\debug_mod_sdk2013ce\client.tlog\cl.read.1.tlog
c:\users\what\desktop\woodmatch\woodmatch\mp\src\game\client\debug_mod_sdk2013ce\client.tlog\cl.write.1.tlog
c:\users\what\desktop\woodmatch\woodmatch\mp\src\game\client\debug_mod_sdk2013ce\client.tlog\custombuild.command.1.tlog
c:\users\what\desktop\woodmatch\woodmatch\mp\src\game\client\debug_mod_sdk2013ce\client.tlog\custombuild.read.1.tlog
c:\users\what\desktop\woodmatch\woodmatch\mp\src\game\client\debug_mod_sdk2013ce\client.tlog\custombuild.write.1.tlog
c:\users\what\desktop\woodmatch\woodmatch\mp\src\game\client\debug_mod_sdk2013ce\client.tlog\link.command.1.tlog
c:\users\what\desktop\woodmatch\woodmatch\mp\src\game\client\debug_mod_sdk2013ce\client.tlog\link.read.1.tlog
c:\users\what\desktop\woodmatch\woodmatch\mp\src\game\client\debug_mod_sdk2013ce\client.tlog\link.write.1.tlog
c:\users\what\desktop\woodmatch\woodmatch\mp\src\game\client\debug_mod_sdk2013ce\client.tlog\link.write.2u.tlog
