  Compiling pointeroverride.asm
  Microsoft (R) Macro Assembler Version 14.38.33133.0
  Copyright (C) Microsoft Corporation.  All rights reserved.
  
   Assembling: C:\Users\what\Desktop\woodmatch\WOODMATCH\mp\src\public\tier0\pointeroverride.asm
  Running VPC CRC Check - height2normal.vpc
  height2normal.cpp
     Creating library .\Debug\.\height2normal.lib and object .\Debug\.\height2normal.exp
  height2normal.vcxproj -> C:\Users\what\Desktop\woodmatch\WOODMATCH\mp\src\utils\height2normal\Debug\height2normal.exe
  Publishing to ..\..\..\game\bin\.
  The system cannot find the path specified.
  *** ERROR! PostBuildStep FAILED for Height2normal! EXE or DLL is probably running. ***
C:\Program Files\Microsoft Visual Studio\2022\Community\MSBuild\Microsoft\VC\v170\Microsoft.CppCommon.targets(166,5): error MSB3073: The command "copy "C:\Users\what\Desktop\woodmatch\WOODMATCH\mp\src\utils\height2normal\Debug\"height2normal.exe ..\..\..\game\bin\.\height2normal.exe >nul
C:\Program Files\Microsoft Visual Studio\2022\Community\MSBuild\Microsoft\VC\v170\Microsoft.CppCommon.targets(166,5): error MSB3073: if ERRORLEVEL 1 goto BuildEventFailed
C:\Program Files\Microsoft Visual Studio\2022\Community\MSBuild\Microsoft\VC\v170\Microsoft.CppCommon.targets(166,5): error MSB3073: if exist "C:\Users\what\Desktop\woodmatch\WOODMATCH\mp\src\utils\height2normal\Debug\"height2normal.map copy "C:\Users\what\Desktop\woodmatch\WOODMATCH\mp\src\utils\height2normal\Debug\"height2normal.map ..\..\..\game\bin\.\height2normal.map >nul
C:\Program Files\Microsoft Visual Studio\2022\Community\MSBuild\Microsoft\VC\v170\Microsoft.CppCommon.targets(166,5): error MSB3073: copy "C:\Users\what\Desktop\woodmatch\WOODMATCH\mp\src\utils\height2normal\Debug\"height2normal.pdb ..\..\..\game\bin\.\height2normal.pdb >nul
C:\Program Files\Microsoft Visual Studio\2022\Community\MSBuild\Microsoft\VC\v170\Microsoft.CppCommon.targets(166,5): error MSB3073: if ERRORLEVEL 1 goto BuildEventFailed
C:\Program Files\Microsoft Visual Studio\2022\Community\MSBuild\Microsoft\VC\v170\Microsoft.CppCommon.targets(166,5): error MSB3073: goto BuildEventOK
C:\Program Files\Microsoft Visual Studio\2022\Community\MSBuild\Microsoft\VC\v170\Microsoft.CppCommon.targets(166,5): error MSB3073: :BuildEventFailed
C:\Program Files\Microsoft Visual Studio\2022\Community\MSBuild\Microsoft\VC\v170\Microsoft.CppCommon.targets(166,5): error MSB3073: echo *** ERROR! PostBuildStep FAILED for Height2normal! EXE or DLL is probably running. ***
C:\Program Files\Microsoft Visual Studio\2022\Community\MSBuild\Microsoft\VC\v170\Microsoft.CppCommon.targets(166,5): error MSB3073: del /q "C:\Users\what\Desktop\woodmatch\WOODMATCH\mp\src\utils\height2normal\Debug\"height2normal.exe
C:\Program Files\Microsoft Visual Studio\2022\Community\MSBuild\Microsoft\VC\v170\Microsoft.CppCommon.targets(166,5): error MSB3073: exit 1
C:\Program Files\Microsoft Visual Studio\2022\Community\MSBuild\Microsoft\VC\v170\Microsoft.CppCommon.targets(166,5): error MSB3073: :BuildEventOK
C:\Program Files\Microsoft Visual Studio\2022\Community\MSBuild\Microsoft\VC\v170\Microsoft.CppCommon.targets(166,5): error MSB3073: 
C:\Program Files\Microsoft Visual Studio\2022\Community\MSBuild\Microsoft\VC\v170\Microsoft.CppCommon.targets(166,5): error MSB3073: :VCEnd" exited with code 1.
